This file contains any messages produced by compilers while
running configure, to aid debugging if configure makes a mistake.

It was created by advancemame configure 3.9-50-g384e646, which was
generated by GNU Autoconf 2.69.  Invocation command line was

  $ ./configure --prefix=/home/pi/advmame --enable-vc --with-vc-prefix=/usr --disable-oss --disable-alsa --disable-sdl --disable-sdl2 --disable-ncurses --enable-alsa

## --------- ##
## Platform. ##
## --------- ##

hostname = raspberrypi
uname -m = armv7l
uname -r = 5.10.92-v7l
uname -s = Linux
uname -v = #1 SMP Wed Aug 24 15:23:13 -03 2022

/usr/bin/uname -p = unknown
/bin/uname -X     = unknown

/bin/arch              = armv7l
/usr/bin/arch -k       = unknown
/usr/convex/getsysinfo = unknown
/usr/bin/hostinfo      = unknown
/bin/machine           = unknown
/usr/bin/oslevel       = unknown
/bin/universe          = unknown

PATH: /usr/local/sbin
PATH: /usr/local/bin
PATH: /usr/sbin
PATH: /usr/bin
PATH: /sbin
PATH: /bin
PATH: /usr/local/games
PATH: /usr/games


## ----------- ##
## Core tests. ##
## ----------- ##

configure:2610: checking build system type
configure:2624: result: armv7l-unknown-linux-gnueabihf
configure:2644: checking host system type
configure:2657: result: armv7l-unknown-linux-gnueabihf
configure:2828: checking for gcc
configure:2844: found /usr/bin/gcc
configure:2855: result: gcc
configure:3084: checking for C compiler version
configure:3093: gcc --version >&5
gcc (Raspbian 10.2.1-6+rpi1) 10.2.1 20210110
Copyright (C) 2020 Free Software Foundation, Inc.
This is free software; see the source for copying conditions.  There is NO
warranty; not even for MERCHANTABILITY or FITNESS FOR A PARTICULAR PURPOSE.

configure:3104: $? = 0
configure:3093: gcc -v >&5
Using built-in specs.
COLLECT_GCC=gcc
COLLECT_LTO_WRAPPER=/usr/lib/gcc/arm-linux-gnueabihf/10/lto-wrapper
Target: arm-linux-gnueabihf
Configured with: ../src/configure -v --with-pkgversion='Raspbian 10.2.1-6+rpi1' --with-bugurl=file:///usr/share/doc/gcc-10/README.Bugs --enable-languages=c,ada,c++,go,d,fortran,objc,obj-c++,m2 --prefix=/usr --with-gcc-major-version-only --program-suffix=-10 --program-prefix=arm-linux-gnueabihf- --enable-shared --enable-linker-build-id --libexecdir=/usr/lib --without-included-gettext --enable-threads=posix --libdir=/usr/lib --enable-nls --enable-bootstrap --enable-clocale=gnu --enable-libstdcxx-debug --enable-libstdcxx-time=yes --with-default-libstdcxx-abi=new --enable-gnu-unique-object --disable-libitm --disable-libquadmath --disable-libquadmath-support --enable-plugin --with-system-zlib --enable-libphobos-checking=release --with-target-system-zlib=auto --enable-objc-gc=auto --enable-multiarch --disable-sjlj-exceptions --with-arch=armv6 --with-fpu=vfp --with-float=hard --disable-werror --enable-checking=release --build=arm-linux-gnueabihf --host=arm-linux-gnueabihf --target=arm-linux-gnueabihf
Thread model: posix
Supported LTO compression algorithms: zlib zstd
gcc version 10.2.1 20210110 (Raspbian 10.2.1-6+rpi1) 
configure:3104: $? = 0
configure:3093: gcc -V >&5
gcc: error: unrecognized command-line option '-V'
gcc: fatal error: no input files
compilation terminated.
configure:3104: $? = 1
configure:3093: gcc -qversion >&5
gcc: error: unrecognized command-line option '-qversion'; did you mean '--version'?
gcc: fatal error: no input files
compilation terminated.
configure:3104: $? = 1
configure:3124: checking whether the C compiler works
configure:3146: gcc -w -mcpu=arm1176jzf-s -mfloat-abi=hard -mfpu=vfp -mtune=arm1176jzf-s -O3  -lpthread -lwiringPi -lbcm_host -lvcos -lvchiq_arm -lvchostif conftest.c  >&5
configure:3150: $? = 0
configure:3198: result: yes
configure:3201: checking for C compiler default output file name
configure:3203: result: a.out
configure:3209: checking for suffix of executables
configure:3216: gcc -o conftest -w -mcpu=arm1176jzf-s -mfloat-abi=hard -mfpu=vfp -mtune=arm1176jzf-s -O3  -lpthread -lwiringPi -lbcm_host -lvcos -lvchiq_arm -lvchostif conftest.c  >&5
configure:3220: $? = 0
configure:3242: result: 
configure:3264: checking whether we are cross compiling
configure:3272: gcc -o conftest -w -mcpu=arm1176jzf-s -mfloat-abi=hard -mfpu=vfp -mtune=arm1176jzf-s -O3  -lpthread -lwiringPi -lbcm_host -lvcos -lvchiq_arm -lvchostif conftest.c  >&5
configure:3276: $? = 0
configure:3283: ./conftest
configure:3287: $? = 0
configure:3302: result: no
configure:3307: checking for suffix of object files
configure:3329: gcc -c -w -mcpu=arm1176jzf-s -mfloat-abi=hard -mfpu=vfp -mtune=arm1176jzf-s -O3  conftest.c >&5
configure:3333: $? = 0
configure:3354: result: o
configure:3358: checking whether we are using the GNU C compiler
configure:3377: gcc -c -w -mcpu=arm1176jzf-s -mfloat-abi=hard -mfpu=vfp -mtune=arm1176jzf-s -O3  conftest.c >&5
configure:3377: $? = 0
configure:3386: result: yes
configure:3395: checking whether gcc accepts -g
configure:3415: gcc -c -g  conftest.c >&5
configure:3415: $? = 0
configure:3456: result: yes
configure:3473: checking for gcc option to accept ISO C89
configure:3536: gcc  -c -w -mcpu=arm1176jzf-s -mfloat-abi=hard -mfpu=vfp -mtune=arm1176jzf-s -O3  conftest.c >&5
configure:3536: $? = 0
configure:3549: result: none needed
configure:3627: checking for g++
configure:3643: found /usr/bin/g++
configure:3654: result: g++
configure:3681: checking for C++ compiler version
configure:3690: g++ --version >&5
g++ (Raspbian 10.2.1-6+rpi1) 10.2.1 20210110
Copyright (C) 2020 Free Software Foundation, Inc.
This is free software; see the source for copying conditions.  There is NO
warranty; not even for MERCHANTABILITY or FITNESS FOR A PARTICULAR PURPOSE.

configure:3701: $? = 0
configure:3690: g++ -v >&5
Using built-in specs.
COLLECT_GCC=g++
COLLECT_LTO_WRAPPER=/usr/lib/gcc/arm-linux-gnueabihf/10/lto-wrapper
Target: arm-linux-gnueabihf
Configured with: ../src/configure -v --with-pkgversion='Raspbian 10.2.1-6+rpi1' --with-bugurl=file:///usr/share/doc/gcc-10/README.Bugs --enable-languages=c,ada,c++,go,d,fortran,objc,obj-c++,m2 --prefix=/usr --with-gcc-major-version-only --program-suffix=-10 --program-prefix=arm-linux-gnueabihf- --enable-shared --enable-linker-build-id --libexecdir=/usr/lib --without-included-gettext --enable-threads=posix --libdir=/usr/lib --enable-nls --enable-bootstrap --enable-clocale=gnu --enable-libstdcxx-debug --enable-libstdcxx-time=yes --with-default-libstdcxx-abi=new --enable-gnu-unique-object --disable-libitm --disable-libquadmath --disable-libquadmath-support --enable-plugin --with-system-zlib --enable-libphobos-checking=release --with-target-system-zlib=auto --enable-objc-gc=auto --enable-multiarch --disable-sjlj-exceptions --with-arch=armv6 --with-fpu=vfp --with-float=hard --disable-werror --enable-checking=release --build=arm-linux-gnueabihf --host=arm-linux-gnueabihf --target=arm-linux-gnueabihf
Thread model: posix
Supported LTO compression algorithms: zlib zstd
gcc version 10.2.1 20210110 (Raspbian 10.2.1-6+rpi1) 
configure:3701: $? = 0
configure:3690: g++ -V >&5
g++: error: unrecognized command-line option '-V'
g++: fatal error: no input files
compilation terminated.
configure:3701: $? = 1
configure:3690: g++ -qversion >&5
g++: error: unrecognized command-line option '-qversion'; did you mean '--version'?
g++: fatal error: no input files
compilation terminated.
configure:3701: $? = 1
configure:3705: checking whether we are using the GNU C++ compiler
configure:3724: g++ -c   conftest.cpp >&5
configure:3724: $? = 0
configure:3733: result: yes
configure:3742: checking whether g++ accepts -g
configure:3762: g++ -c -g  conftest.cpp >&5
configure:3762: $? = 0
configure:3803: result: yes
configure:3840: checking for a BSD-compatible install
configure:3908: result: /usr/bin/install -c
configure:3919: checking whether ln -s works
configure:3923: result: yes
configure:3930: checking for grep that handles long lines and -e
configure:3988: result: /usr/bin/grep
configure:4047: checking for pkg-config
configure:4065: found /usr/bin/pkg-config
configure:4077: result: /usr/bin/pkg-config
configure:4102: checking pkg-config is at least version 0.9.0
configure:4105: result: yes
configure:4162: checking for ar
configure:4178: found /usr/bin/ar
configure:4189: result: ar
configure:4262: checking for windres
configure:4292: result: no
configure:4317: checking for rm
configure:4333: found /usr/bin/rm
configure:4344: result: rm
configure:4359: checking for cp
configure:4375: found /usr/bin/cp
configure:4386: result: cp
configure:4401: checking for mkdir
configure:4417: found /usr/bin/mkdir
configure:4428: result: mkdir
configure:4443: checking for echo
configure:4459: found /usr/bin/echo
configure:4470: result: echo
configure:4485: checking for tar
configure:4501: found /usr/bin/tar
configure:4512: result: tar
configure:4527: checking for gzip
configure:4543: found /usr/bin/gzip
configure:4554: result: gzip
configure:4569: checking for zip
configure:4585: found /usr/bin/zip
configure:4596: result: zip
configure:5118: checking how to run the C preprocessor
configure:5149: gcc -E  conftest.c
configure:5149: $? = 0
configure:5163: gcc -E  conftest.c
conftest.c:9:10: fatal error: ac_nonexistent.h: No such file or directory
    9 | #include <ac_nonexistent.h>
      |          ^~~~~~~~~~~~~~~~~~
compilation terminated.
configure:5163: $? = 1
configure: failed program was:
| /* confdefs.h */
| #define PACKAGE_NAME "advancemame"
| #define PACKAGE_TARNAME "advancemame"
| #define PACKAGE_VERSION "3.9-50-g384e646"
| #define PACKAGE_STRING "advancemame 3.9-50-g384e646"
| #define PACKAGE_BUGREPORT ""
| #define PACKAGE_URL "http://www.advancemame.it"
| /* end confdefs.h.  */
| #include <ac_nonexistent.h>
configure:5188: result: gcc -E
configure:5208: gcc -E  conftest.c
configure:5208: $? = 0
configure:5222: gcc -E  conftest.c
conftest.c:9:10: fatal error: ac_nonexistent.h: No such file or directory
    9 | #include <ac_nonexistent.h>
      |          ^~~~~~~~~~~~~~~~~~
compilation terminated.
configure:5222: $? = 1
configure: failed program was:
| /* confdefs.h */
| #define PACKAGE_NAME "advancemame"
| #define PACKAGE_TARNAME "advancemame"
| #define PACKAGE_VERSION "3.9-50-g384e646"
| #define PACKAGE_STRING "advancemame 3.9-50-g384e646"
| #define PACKAGE_BUGREPORT ""
| #define PACKAGE_URL "http://www.advancemame.it"
| /* end confdefs.h.  */
| #include <ac_nonexistent.h>
configure:5251: checking for egrep
configure:5313: result: /usr/bin/grep -E
configure:5318: checking for ANSI C header files
configure:5338: gcc -c -w -mcpu=arm1176jzf-s -mfloat-abi=hard -mfpu=vfp -mtune=arm1176jzf-s -O3  conftest.c >&5
configure:5338: $? = 0
configure:5411: gcc -o conftest -w -mcpu=arm1176jzf-s -mfloat-abi=hard -mfpu=vfp -mtune=arm1176jzf-s -O3  -lpthread -lwiringPi -lbcm_host -lvcos -lvchiq_arm -lvchostif conftest.c  >&5
configure:5411: $? = 0
configure:5411: ./conftest
configure:5411: $? = 0
configure:5422: result: yes
configure:5435: checking for sys/types.h
configure:5435: gcc -c -w -mcpu=arm1176jzf-s -mfloat-abi=hard -mfpu=vfp -mtune=arm1176jzf-s -O3  conftest.c >&5
configure:5435: $? = 0
configure:5435: result: yes
configure:5435: checking for sys/stat.h
configure:5435: gcc -c -w -mcpu=arm1176jzf-s -mfloat-abi=hard -mfpu=vfp -mtune=arm1176jzf-s -O3  conftest.c >&5
configure:5435: $? = 0
configure:5435: result: yes
configure:5435: checking for stdlib.h
configure:5435: gcc -c -w -mcpu=arm1176jzf-s -mfloat-abi=hard -mfpu=vfp -mtune=arm1176jzf-s -O3  conftest.c >&5
configure:5435: $? = 0
configure:5435: result: yes
configure:5435: checking for string.h
configure:5435: gcc -c -w -mcpu=arm1176jzf-s -mfloat-abi=hard -mfpu=vfp -mtune=arm1176jzf-s -O3  conftest.c >&5
configure:5435: $? = 0
configure:5435: result: yes
configure:5435: checking for memory.h
configure:5435: gcc -c -w -mcpu=arm1176jzf-s -mfloat-abi=hard -mfpu=vfp -mtune=arm1176jzf-s -O3  conftest.c >&5
configure:5435: $? = 0
configure:5435: result: yes
configure:5435: checking for strings.h
configure:5435: gcc -c -w -mcpu=arm1176jzf-s -mfloat-abi=hard -mfpu=vfp -mtune=arm1176jzf-s -O3  conftest.c >&5
configure:5435: $? = 0
configure:5435: result: yes
configure:5435: checking for inttypes.h
configure:5435: gcc -c -w -mcpu=arm1176jzf-s -mfloat-abi=hard -mfpu=vfp -mtune=arm1176jzf-s -O3  conftest.c >&5
configure:5435: $? = 0
configure:5435: result: yes
configure:5435: checking for stdint.h
configure:5435: gcc -c -w -mcpu=arm1176jzf-s -mfloat-abi=hard -mfpu=vfp -mtune=arm1176jzf-s -O3  conftest.c >&5
configure:5435: $? = 0
configure:5435: result: yes
configure:5435: checking for unistd.h
configure:5435: gcc -c -w -mcpu=arm1176jzf-s -mfloat-abi=hard -mfpu=vfp -mtune=arm1176jzf-s -O3  conftest.c >&5
configure:5435: $? = 0
configure:5435: result: yes
configure:5447: checking whether byte ordering is bigendian
configure:5462: gcc -c -w -mcpu=arm1176jzf-s -mfloat-abi=hard -mfpu=vfp -mtune=arm1176jzf-s -O3  conftest.c >&5
conftest.c:20:9: error: unknown type name 'not'
   20 |         not a universal capable compiler
      |         ^~~
conftest.c:20:15: error: expected '=', ',', ';', 'asm' or '__attribute__' before 'universal'
   20 |         not a universal capable compiler
      |               ^~~~~~~~~
conftest.c:20:15: error: unknown type name 'universal'
configure:5462: $? = 1
configure: failed program was:
| /* confdefs.h */
| #define PACKAGE_NAME "advancemame"
| #define PACKAGE_TARNAME "advancemame"
| #define PACKAGE_VERSION "3.9-50-g384e646"
| #define PACKAGE_STRING "advancemame 3.9-50-g384e646"
| #define PACKAGE_BUGREPORT ""
| #define PACKAGE_URL "http://www.advancemame.it"
| #define STDC_HEADERS 1
| #define HAVE_SYS_TYPES_H 1
| #define HAVE_SYS_STAT_H 1
| #define HAVE_STDLIB_H 1
| #define HAVE_STRING_H 1
| #define HAVE_MEMORY_H 1
| #define HAVE_STRINGS_H 1
| #define HAVE_INTTYPES_H 1
| #define HAVE_STDINT_H 1
| #define HAVE_UNISTD_H 1
| /* end confdefs.h.  */
| #ifndef __APPLE_CC__
| 	       not a universal capable compiler
| 	     #endif
| 	     typedef int dummy;
| 
configure:5507: gcc -c -w -mcpu=arm1176jzf-s -mfloat-abi=hard -mfpu=vfp -mtune=arm1176jzf-s -O3  conftest.c >&5
configure:5507: $? = 0
configure:5525: gcc -c -w -mcpu=arm1176jzf-s -mfloat-abi=hard -mfpu=vfp -mtune=arm1176jzf-s -O3  conftest.c >&5
conftest.c: In function 'main':
conftest.c:26:4: error: unknown type name 'not'; did you mean 'ino_t'?
   26 |    not big endian
      |    ^~~
      |    ino_t
conftest.c:26:12: error: expected '=', ',', ';', 'asm' or '__attribute__' before 'endian'
   26 |    not big endian
      |            ^~~~~~
configure:5525: $? = 1
configure: failed program was:
| /* confdefs.h */
| #define PACKAGE_NAME "advancemame"
| #define PACKAGE_TARNAME "advancemame"
| #define PACKAGE_VERSION "3.9-50-g384e646"
| #define PACKAGE_STRING "advancemame 3.9-50-g384e646"
| #define PACKAGE_BUGREPORT ""
| #define PACKAGE_URL "http://www.advancemame.it"
| #define STDC_HEADERS 1
| #define HAVE_SYS_TYPES_H 1
| #define HAVE_SYS_STAT_H 1
| #define HAVE_STDLIB_H 1
| #define HAVE_STRING_H 1
| #define HAVE_MEMORY_H 1
| #define HAVE_STRINGS_H 1
| #define HAVE_INTTYPES_H 1
| #define HAVE_STDINT_H 1
| #define HAVE_UNISTD_H 1
| /* end confdefs.h.  */
| #include <sys/types.h>
| 		#include <sys/param.h>
| 
| int
| main ()
| {
| #if BYTE_ORDER != BIG_ENDIAN
| 		 not big endian
| 		#endif
| 
|   ;
|   return 0;
| }
configure:5653: result: no
configure:5681: checking size of char
configure:5686: gcc -o conftest -w -mcpu=arm1176jzf-s -mfloat-abi=hard -mfpu=vfp -mtune=arm1176jzf-s -O3  -lpthread -lwiringPi -lbcm_host -lvcos -lvchiq_arm -lvchostif conftest.c  >&5
configure:5686: $? = 0
configure:5686: ./conftest
configure:5686: $? = 0
configure:5700: result: 1
configure:5714: checking size of short
configure:5719: gcc -o conftest -w -mcpu=arm1176jzf-s -mfloat-abi=hard -mfpu=vfp -mtune=arm1176jzf-s -O3  -lpthread -lwiringPi -lbcm_host -lvcos -lvchiq_arm -lvchostif conftest.c  >&5
configure:5719: $? = 0
configure:5719: ./conftest
configure:5719: $? = 0
configure:5733: result: 2
configure:5747: checking size of int
configure:5752: gcc -o conftest -w -mcpu=arm1176jzf-s -mfloat-abi=hard -mfpu=vfp -mtune=arm1176jzf-s -O3  -lpthread -lwiringPi -lbcm_host -lvcos -lvchiq_arm -lvchostif conftest.c  >&5
configure:5752: $? = 0
configure:5752: ./conftest
configure:5752: $? = 0
configure:5766: result: 4
configure:5780: checking size of long
configure:5785: gcc -o conftest -w -mcpu=arm1176jzf-s -mfloat-abi=hard -mfpu=vfp -mtune=arm1176jzf-s -O3  -lpthread -lwiringPi -lbcm_host -lvcos -lvchiq_arm -lvchostif conftest.c  >&5
configure:5785: $? = 0
configure:5785: ./conftest
configure:5785: $? = 0
configure:5799: result: 4
configure:5813: checking size of long long
configure:5818: gcc -o conftest -w -mcpu=arm1176jzf-s -mfloat-abi=hard -mfpu=vfp -mtune=arm1176jzf-s -O3  -lpthread -lwiringPi -lbcm_host -lvcos -lvchiq_arm -lvchostif conftest.c  >&5
configure:5818: $? = 0
configure:5818: ./conftest
configure:5818: $? = 0
configure:5832: result: 8
configure:5846: checking size of void*
configure:5851: gcc -o conftest -w -mcpu=arm1176jzf-s -mfloat-abi=hard -mfpu=vfp -mtune=arm1176jzf-s -O3  -lpthread -lwiringPi -lbcm_host -lvcos -lvchiq_arm -lvchostif conftest.c  >&5
configure:5851: $? = 0
configure:5851: ./conftest
configure:5851: $? = 0
configure:5865: result: 4
configure:5883: checking for special C compiler options needed for large files
configure:5928: result: no
configure:5934: checking for _FILE_OFFSET_BITS value needed for large files
configure:5959: gcc -c -w -mcpu=arm1176jzf-s -mfloat-abi=hard -mfpu=vfp -mtune=arm1176jzf-s -O3  conftest.c >&5
conftest.c:31:7: error: variably modified 'off_t_is_large' at file scope
   31 |   int off_t_is_large[(LARGE_OFF_T % 2147483629 == 721
      |       ^~~~~~~~~~~~~~
configure:5959: $? = 1
configure: failed program was:
| /* confdefs.h */
| #define PACKAGE_NAME "advancemame"
| #define PACKAGE_TARNAME "advancemame"
| #define PACKAGE_VERSION "3.9-50-g384e646"
| #define PACKAGE_STRING "advancemame 3.9-50-g384e646"
| #define PACKAGE_BUGREPORT ""
| #define PACKAGE_URL "http://www.advancemame.it"
| #define STDC_HEADERS 1
| #define HAVE_SYS_TYPES_H 1
| #define HAVE_SYS_STAT_H 1
| #define HAVE_STDLIB_H 1
| #define HAVE_STRING_H 1
| #define HAVE_MEMORY_H 1
| #define HAVE_STRINGS_H 1
| #define HAVE_INTTYPES_H 1
| #define HAVE_STDINT_H 1
| #define HAVE_UNISTD_H 1
| #define SIZEOF_CHAR 1
| #define SIZEOF_SHORT 2
| #define SIZEOF_INT 4
| #define SIZEOF_LONG 4
| #define SIZEOF_LONG_LONG 8
| #define SIZEOF_VOIDP 4
| /* end confdefs.h.  */
| #include <sys/types.h>
|  /* Check that off_t can represent 2**63 - 1 correctly.
|     We can't simply define LARGE_OFF_T to be 9223372036854775807,
|     since some C++ compilers masquerading as C compilers
|     incorrectly reject 9223372036854775807.  */
| #define LARGE_OFF_T ((((off_t) 1 << 31) << 31) - 1 + (((off_t) 1 << 31) << 31))
|   int off_t_is_large[(LARGE_OFF_T % 2147483629 == 721
| 		       && LARGE_OFF_T % 2147483647 == 1)
| 		      ? 1 : -1];
| int
| main ()
| {
| 
|   ;
|   return 0;
| }
configure:5983: gcc -c -w -mcpu=arm1176jzf-s -mfloat-abi=hard -mfpu=vfp -mtune=arm1176jzf-s -O3  conftest.c >&5
configure:5983: $? = 0
configure:5991: result: 64
configure:6086: checking whether gcc accepts x86 assembler
configure:6104: gcc -c -w -mcpu=arm1176jzf-s -mfloat-abi=hard -mfpu=vfp -mtune=arm1176jzf-s -O3  conftest.c >&5
conftest.c: In function 'main':
conftest.c:33:4: error: unknown type name 'choke'
   33 |    choke me
      |    ^~~~~
configure:6104: $? = 1
configure: failed program was:
| /* confdefs.h */
| #define PACKAGE_NAME "advancemame"
| #define PACKAGE_TARNAME "advancemame"
| #define PACKAGE_VERSION "3.9-50-g384e646"
| #define PACKAGE_STRING "advancemame 3.9-50-g384e646"
| #define PACKAGE_BUGREPORT ""
| #define PACKAGE_URL "http://www.advancemame.it"
| #define STDC_HEADERS 1
| #define HAVE_SYS_TYPES_H 1
| #define HAVE_SYS_STAT_H 1
| #define HAVE_STDLIB_H 1
| #define HAVE_STRING_H 1
| #define HAVE_MEMORY_H 1
| #define HAVE_STRINGS_H 1
| #define HAVE_INTTYPES_H 1
| #define HAVE_STDINT_H 1
| #define HAVE_UNISTD_H 1
| #define SIZEOF_CHAR 1
| #define SIZEOF_SHORT 2
| #define SIZEOF_INT 4
| #define SIZEOF_LONG 4
| #define SIZEOF_LONG_LONG 8
| #define SIZEOF_VOIDP 4
| #define _FILE_OFFSET_BITS 64
| /* end confdefs.h.  */
| 
| 
| int
| main ()
| {
| 
| 			#if !defined(__GNUC__) || !defined(__i386__)
| 			choke me
| 			#endif
| 
|   ;
|   return 0;
| }
configure:6110: result: no
configure:6251: checking for ANSI C header files
configure:6355: result: yes
configure:6363: checking for sys/wait.h that is POSIX.1 compatible
configure:6389: gcc -c -w -mcpu=arm1176jzf-s -mfloat-abi=hard -mfpu=vfp -mtune=arm1176jzf-s -O3  conftest.c >&5
configure:6389: $? = 0
configure:6396: result: yes
configure:6407: checking for dirent.h that defines DIR
configure:6426: gcc -c -w -mcpu=arm1176jzf-s -mfloat-abi=hard -mfpu=vfp -mtune=arm1176jzf-s -O3  conftest.c >&5
configure:6426: $? = 0
configure:6434: result: yes
configure:6447: checking for library containing opendir
configure:6478: gcc -o conftest -w -mcpu=arm1176jzf-s -mfloat-abi=hard -mfpu=vfp -mtune=arm1176jzf-s -O3  -lpthread -lwiringPi -lbcm_host -lvcos -lvchiq_arm -lvchostif conftest.c  >&5
configure:6478: $? = 0
configure:6495: result: none required
configure:6562: checking whether time.h and sys/time.h may both be included
configure:6582: gcc -c -w -mcpu=arm1176jzf-s -mfloat-abi=hard -mfpu=vfp -mtune=arm1176jzf-s -O3  conftest.c >&5
configure:6582: $? = 0
configure:6589: result: yes
configure:6597: checking whether termios.h defines TIOCGWINSZ
configure:6620: result: no
configure:6624: checking whether sys/ioctl.h defines TIOCGWINSZ
configure:6647: result: yes
configure:6660: checking for unistd.h
configure:6660: result: yes
configure:6660: checking sched.h usability
configure:6660: gcc -c -w -mcpu=arm1176jzf-s -mfloat-abi=hard -mfpu=vfp -mtune=arm1176jzf-s -O3  conftest.c >&5
configure:6660: $? = 0
configure:6660: result: yes
configure:6660: checking sched.h presence
configure:6660: gcc -E  conftest.c
configure:6660: $? = 0
configure:6660: result: yes
configure:6660: checking for sched.h
configure:6660: result: yes
configure:6660: checking netdb.h usability
configure:6660: gcc -c -w -mcpu=arm1176jzf-s -mfloat-abi=hard -mfpu=vfp -mtune=arm1176jzf-s -O3  conftest.c >&5
configure:6660: $? = 0
configure:6660: result: yes
configure:6660: checking netdb.h presence
configure:6660: gcc -E  conftest.c
configure:6660: $? = 0
configure:6660: result: yes
configure:6660: checking for netdb.h
configure:6660: result: yes
configure:6660: checking termios.h usability
configure:6660: gcc -c -w -mcpu=arm1176jzf-s -mfloat-abi=hard -mfpu=vfp -mtune=arm1176jzf-s -O3  conftest.c >&5
configure:6660: $? = 0
configure:6660: result: yes
configure:6660: checking termios.h presence
configure:6660: gcc -E  conftest.c
configure:6660: $? = 0
configure:6660: result: yes
configure:6660: checking for termios.h
configure:6660: result: yes
configure:6660: checking execinfo.h usability
configure:6660: gcc -c -w -mcpu=arm1176jzf-s -mfloat-abi=hard -mfpu=vfp -mtune=arm1176jzf-s -O3  conftest.c >&5
configure:6660: $? = 0
configure:6660: result: yes
configure:6660: checking execinfo.h presence
configure:6660: gcc -E  conftest.c
configure:6660: $? = 0
configure:6660: result: yes
configure:6660: checking for execinfo.h
configure:6660: result: yes
configure:6673: checking sys/utsname.h usability
configure:6673: gcc -c -w -mcpu=arm1176jzf-s -mfloat-abi=hard -mfpu=vfp -mtune=arm1176jzf-s -O3  conftest.c >&5
configure:6673: $? = 0
configure:6673: result: yes
configure:6673: checking sys/utsname.h presence
configure:6673: gcc -E  conftest.c
configure:6673: $? = 0
configure:6673: result: yes
configure:6673: checking for sys/utsname.h
configure:6673: result: yes
configure:6673: checking for sys/types.h
configure:6673: result: yes
configure:6673: checking for sys/stat.h
configure:6673: result: yes
configure:6673: checking sys/socket.h usability
configure:6673: gcc -c -w -mcpu=arm1176jzf-s -mfloat-abi=hard -mfpu=vfp -mtune=arm1176jzf-s -O3  conftest.c >&5
configure:6673: $? = 0
configure:6673: result: yes
configure:6673: checking sys/socket.h presence
configure:6673: gcc -E  conftest.c
configure:6673: $? = 0
configure:6673: result: yes
configure:6673: checking for sys/socket.h
configure:6673: result: yes
configure:6673: checking sys/select.h usability
configure:6673: gcc -c -w -mcpu=arm1176jzf-s -mfloat-abi=hard -mfpu=vfp -mtune=arm1176jzf-s -O3  conftest.c >&5
configure:6673: $? = 0
configure:6673: result: yes
configure:6673: checking sys/select.h presence
configure:6673: gcc -E  conftest.c
configure:6673: $? = 0
configure:6673: result: yes
configure:6673: checking for sys/select.h
configure:6673: result: yes
configure:6673: checking sys/ioctl.h usability
configure:6673: gcc -c -w -mcpu=arm1176jzf-s -mfloat-abi=hard -mfpu=vfp -mtune=arm1176jzf-s -O3  conftest.c >&5
configure:6673: $? = 0
configure:6673: result: yes
configure:6673: checking sys/ioctl.h presence
configure:6673: gcc -E  conftest.c
configure:6673: $? = 0
configure:6673: result: yes
configure:6673: checking for sys/ioctl.h
configure:6673: result: yes
configure:6673: checking sys/time.h usability
configure:6673: gcc -c -w -mcpu=arm1176jzf-s -mfloat-abi=hard -mfpu=vfp -mtune=arm1176jzf-s -O3  conftest.c >&5
configure:6673: $? = 0
configure:6673: result: yes
configure:6673: checking sys/time.h presence
configure:6673: gcc -E  conftest.c
configure:6673: $? = 0
configure:6673: result: yes
configure:6673: checking for sys/time.h
configure:6673: result: yes
configure:6673: checking sys/mman.h usability
configure:6673: gcc -c -w -mcpu=arm1176jzf-s -mfloat-abi=hard -mfpu=vfp -mtune=arm1176jzf-s -O3  conftest.c >&5
configure:6673: $? = 0
configure:6673: result: yes
configure:6673: checking sys/mman.h presence
configure:6673: gcc -E  conftest.c
configure:6673: $? = 0
configure:6673: result: yes
configure:6673: checking for sys/mman.h
configure:6673: result: yes
configure:6673: checking sys/io.h usability
configure:6673: gcc -c -w -mcpu=arm1176jzf-s -mfloat-abi=hard -mfpu=vfp -mtune=arm1176jzf-s -O3  conftest.c >&5
conftest.c:77:10: fatal error: sys/io.h: No such file or directory
   77 | #include <sys/io.h>
      |          ^~~~~~~~~~
compilation terminated.
configure:6673: $? = 1
configure: failed program was:
| /* confdefs.h */
| #define PACKAGE_NAME "advancemame"
| #define PACKAGE_TARNAME "advancemame"
| #define PACKAGE_VERSION "3.9-50-g384e646"
| #define PACKAGE_STRING "advancemame 3.9-50-g384e646"
| #define PACKAGE_BUGREPORT ""
| #define PACKAGE_URL "http://www.advancemame.it"
| #define STDC_HEADERS 1
| #define HAVE_SYS_TYPES_H 1
| #define HAVE_SYS_STAT_H 1
| #define HAVE_STDLIB_H 1
| #define HAVE_STRING_H 1
| #define HAVE_MEMORY_H 1
| #define HAVE_STRINGS_H 1
| #define HAVE_INTTYPES_H 1
| #define HAVE_STDINT_H 1
| #define HAVE_UNISTD_H 1
| #define SIZEOF_CHAR 1
| #define SIZEOF_SHORT 2
| #define SIZEOF_INT 4
| #define SIZEOF_LONG 4
| #define SIZEOF_LONG_LONG 8
| #define SIZEOF_VOIDP 4
| #define _FILE_OFFSET_BITS 64
| #define STDC_HEADERS 1
| #define HAVE_SYS_WAIT_H 1
| #define HAVE_DIRENT_H 1
| #define TIME_WITH_SYS_TIME 1
| #define GWINSZ_IN_SYS_IOCTL 1
| #define HAVE_UNISTD_H 1
| #define HAVE_SCHED_H 1
| #define HAVE_NETDB_H 1
| #define HAVE_TERMIOS_H 1
| #define HAVE_EXECINFO_H 1
| #define HAVE_SYS_UTSNAME_H 1
| #define HAVE_SYS_TYPES_H 1
| #define HAVE_SYS_STAT_H 1
| #define HAVE_SYS_SOCKET_H 1
| #define HAVE_SYS_SELECT_H 1
| #define HAVE_SYS_IOCTL_H 1
| #define HAVE_SYS_TIME_H 1
| #define HAVE_SYS_MMAN_H 1
| /* end confdefs.h.  */
| #include <stdio.h>
| #ifdef HAVE_SYS_TYPES_H
| # include <sys/types.h>
| #endif
| #ifdef HAVE_SYS_STAT_H
| # include <sys/stat.h>
| #endif
| #ifdef STDC_HEADERS
| # include <stdlib.h>
| # include <stddef.h>
| #else
| # ifdef HAVE_STDLIB_H
| #  include <stdlib.h>
| # endif
| #endif
| #ifdef HAVE_STRING_H
| # if !defined STDC_HEADERS && defined HAVE_MEMORY_H
| #  include <memory.h>
| # endif
| # include <string.h>
| #endif
| #ifdef HAVE_STRINGS_H
| # include <strings.h>
| #endif
| #ifdef HAVE_INTTYPES_H
| # include <inttypes.h>
| #endif
| #ifdef HAVE_STDINT_H
| # include <stdint.h>
| #endif
| #ifdef HAVE_UNISTD_H
| # include <unistd.h>
| #endif
| #include <sys/io.h>
configure:6673: result: no
configure:6673: checking sys/io.h presence
configure:6673: gcc -E  conftest.c
conftest.c:44:10: fatal error: sys/io.h: No such file or directory
   44 | #include <sys/io.h>
      |          ^~~~~~~~~~
compilation terminated.
configure:6673: $? = 1
configure: failed program was:
| /* confdefs.h */
| #define PACKAGE_NAME "advancemame"
| #define PACKAGE_TARNAME "advancemame"
| #define PACKAGE_VERSION "3.9-50-g384e646"
| #define PACKAGE_STRING "advancemame 3.9-50-g384e646"
| #define PACKAGE_BUGREPORT ""
| #define PACKAGE_URL "http://www.advancemame.it"
| #define STDC_HEADERS 1
| #define HAVE_SYS_TYPES_H 1
| #define HAVE_SYS_STAT_H 1
| #define HAVE_STDLIB_H 1
| #define HAVE_STRING_H 1
| #define HAVE_MEMORY_H 1
| #define HAVE_STRINGS_H 1
| #define HAVE_INTTYPES_H 1
| #define HAVE_STDINT_H 1
| #define HAVE_UNISTD_H 1
| #define SIZEOF_CHAR 1
| #define SIZEOF_SHORT 2
| #define SIZEOF_INT 4
| #define SIZEOF_LONG 4
| #define SIZEOF_LONG_LONG 8
| #define SIZEOF_VOIDP 4
| #define _FILE_OFFSET_BITS 64
| #define STDC_HEADERS 1
| #define HAVE_SYS_WAIT_H 1
| #define HAVE_DIRENT_H 1
| #define TIME_WITH_SYS_TIME 1
| #define GWINSZ_IN_SYS_IOCTL 1
| #define HAVE_UNISTD_H 1
| #define HAVE_SCHED_H 1
| #define HAVE_NETDB_H 1
| #define HAVE_TERMIOS_H 1
| #define HAVE_EXECINFO_H 1
| #define HAVE_SYS_UTSNAME_H 1
| #define HAVE_SYS_TYPES_H 1
| #define HAVE_SYS_STAT_H 1
| #define HAVE_SYS_SOCKET_H 1
| #define HAVE_SYS_SELECT_H 1
| #define HAVE_SYS_IOCTL_H 1
| #define HAVE_SYS_TIME_H 1
| #define HAVE_SYS_MMAN_H 1
| /* end confdefs.h.  */
| #include <sys/io.h>
configure:6673: result: no
configure:6673: checking for sys/io.h
configure:6673: result: no
configure:6673: checking sys/kd.h usability
configure:6673: gcc -c -w -mcpu=arm1176jzf-s -mfloat-abi=hard -mfpu=vfp -mtune=arm1176jzf-s -O3  conftest.c >&5
configure:6673: $? = 0
configure:6673: result: yes
configure:6673: checking sys/kd.h presence
configure:6673: gcc -E  conftest.c
configure:6673: $? = 0
configure:6673: result: yes
configure:6673: checking for sys/kd.h
configure:6673: result: yes
configure:6673: checking sys/vt.h usability
configure:6673: gcc -c -w -mcpu=arm1176jzf-s -mfloat-abi=hard -mfpu=vfp -mtune=arm1176jzf-s -O3  conftest.c >&5
configure:6673: $? = 0
configure:6673: result: yes
configure:6673: checking sys/vt.h presence
configure:6673: gcc -E  conftest.c
configure:6673: $? = 0
configure:6673: result: yes
configure:6673: checking for sys/vt.h
configure:6673: result: yes
configure:6686: checking netinet/in.h usability
configure:6686: gcc -c -w -mcpu=arm1176jzf-s -mfloat-abi=hard -mfpu=vfp -mtune=arm1176jzf-s -O3  conftest.c >&5
configure:6686: $? = 0
configure:6686: result: yes
configure:6686: checking netinet/in.h presence
configure:6686: gcc -E  conftest.c
configure:6686: $? = 0
configure:6686: result: yes
configure:6686: checking for netinet/in.h
configure:6686: result: yes
configure:6686: checking ucontext.h usability
configure:6686: gcc -c -w -mcpu=arm1176jzf-s -mfloat-abi=hard -mfpu=vfp -mtune=arm1176jzf-s -O3  conftest.c >&5
configure:6686: $? = 0
configure:6686: result: yes
configure:6686: checking ucontext.h presence
configure:6686: gcc -E  conftest.c
configure:6686: $? = 0
configure:6686: result: yes
configure:6686: checking for ucontext.h
configure:6686: result: yes
configure:6696: checking for an ANSI C-conforming const
configure:6762: gcc -c -w -mcpu=arm1176jzf-s -mfloat-abi=hard -mfpu=vfp -mtune=arm1176jzf-s -O3  conftest.c >&5
configure:6762: $? = 0
configure:6769: result: yes
configure:6777: checking for C/C++ restrict keyword
configure:6802: gcc -c -w -mcpu=arm1176jzf-s -mfloat-abi=hard -mfpu=vfp -mtune=arm1176jzf-s -O3  conftest.c >&5
configure:6802: $? = 0
configure:6810: result: __restrict
configure:6823: checking for inline
configure:6839: gcc -c -w -mcpu=arm1176jzf-s -mfloat-abi=hard -mfpu=vfp -mtune=arm1176jzf-s -O3  conftest.c >&5
configure:6839: $? = 0
configure:6847: result: inline
configure:6865: checking for size_t
configure:6865: gcc -c -w -mcpu=arm1176jzf-s -mfloat-abi=hard -mfpu=vfp -mtune=arm1176jzf-s -O3  conftest.c >&5
configure:6865: $? = 0
configure:6865: gcc -c -w -mcpu=arm1176jzf-s -mfloat-abi=hard -mfpu=vfp -mtune=arm1176jzf-s -O3  conftest.c >&5
conftest.c: In function 'main':
conftest.c:85:21: error: expected expression before ')' token
   85 | if (sizeof ((size_t)))
      |                     ^
configure:6865: $? = 1
configure: failed program was:
| /* confdefs.h */
| #define PACKAGE_NAME "advancemame"
| #define PACKAGE_TARNAME "advancemame"
| #define PACKAGE_VERSION "3.9-50-g384e646"
| #define PACKAGE_STRING "advancemame 3.9-50-g384e646"
| #define PACKAGE_BUGREPORT ""
| #define PACKAGE_URL "http://www.advancemame.it"
| #define STDC_HEADERS 1
| #define HAVE_SYS_TYPES_H 1
| #define HAVE_SYS_STAT_H 1
| #define HAVE_STDLIB_H 1
| #define HAVE_STRING_H 1
| #define HAVE_MEMORY_H 1
| #define HAVE_STRINGS_H 1
| #define HAVE_INTTYPES_H 1
| #define HAVE_STDINT_H 1
| #define HAVE_UNISTD_H 1
| #define SIZEOF_CHAR 1
| #define SIZEOF_SHORT 2
| #define SIZEOF_INT 4
| #define SIZEOF_LONG 4
| #define SIZEOF_LONG_LONG 8
| #define SIZEOF_VOIDP 4
| #define _FILE_OFFSET_BITS 64
| #define STDC_HEADERS 1
| #define HAVE_SYS_WAIT_H 1
| #define HAVE_DIRENT_H 1
| #define TIME_WITH_SYS_TIME 1
| #define GWINSZ_IN_SYS_IOCTL 1
| #define HAVE_UNISTD_H 1
| #define HAVE_SCHED_H 1
| #define HAVE_NETDB_H 1
| #define HAVE_TERMIOS_H 1
| #define HAVE_EXECINFO_H 1
| #define HAVE_SYS_UTSNAME_H 1
| #define HAVE_SYS_TYPES_H 1
| #define HAVE_SYS_STAT_H 1
| #define HAVE_SYS_SOCKET_H 1
| #define HAVE_SYS_SELECT_H 1
| #define HAVE_SYS_IOCTL_H 1
| #define HAVE_SYS_TIME_H 1
| #define HAVE_SYS_MMAN_H 1
| #define HAVE_SYS_KD_H 1
| #define HAVE_SYS_VT_H 1
| #define HAVE_NETINET_IN_H 1
| #define HAVE_UCONTEXT_H 1
| #define restrict __restrict
| /* end confdefs.h.  */
| #include <stdio.h>
| #ifdef HAVE_SYS_TYPES_H
| # include <sys/types.h>
| #endif
| #ifdef HAVE_SYS_STAT_H
| # include <sys/stat.h>
| #endif
| #ifdef STDC_HEADERS
| # include <stdlib.h>
| # include <stddef.h>
| #else
| # ifdef HAVE_STDLIB_H
| #  include <stdlib.h>
| # endif
| #endif
| #ifdef HAVE_STRING_H
| # if !defined STDC_HEADERS && defined HAVE_MEMORY_H
| #  include <memory.h>
| # endif
| # include <string.h>
| #endif
| #ifdef HAVE_STRINGS_H
| # include <strings.h>
| #endif
| #ifdef HAVE_INTTYPES_H
| # include <inttypes.h>
| #endif
| #ifdef HAVE_STDINT_H
| # include <stdint.h>
| #endif
| #ifdef HAVE_UNISTD_H
| # include <unistd.h>
| #endif
| int
| main ()
| {
| if (sizeof ((size_t)))
| 	    return 0;
|   ;
|   return 0;
| }
configure:6865: result: yes
configure:6878: checking for working alloca.h
configure:6895: gcc -o conftest -w -mcpu=arm1176jzf-s -mfloat-abi=hard -mfpu=vfp -mtune=arm1176jzf-s -O3  -lpthread -lwiringPi -lbcm_host -lvcos -lvchiq_arm -lvchostif conftest.c  >&5
configure:6895: $? = 0
configure:6903: result: yes
configure:6911: checking for alloca
configure:6948: gcc -o conftest -w -mcpu=arm1176jzf-s -mfloat-abi=hard -mfpu=vfp -mtune=arm1176jzf-s -O3  -lpthread -lwiringPi -lbcm_host -lvcos -lvchiq_arm -lvchostif conftest.c  >&5
configure:6948: $? = 0
configure:6956: result: yes
configure:7068: checking for stdlib.h
configure:7068: result: yes
configure:7068: checking for unistd.h
configure:7068: result: yes
configure:7068: checking for sys/param.h
configure:7068: gcc -c -w -mcpu=arm1176jzf-s -mfloat-abi=hard -mfpu=vfp -mtune=arm1176jzf-s -O3  conftest.c >&5
configure:7068: $? = 0
configure:7068: result: yes
configure:7088: checking for getpagesize
configure:7088: gcc -o conftest -w -mcpu=arm1176jzf-s -mfloat-abi=hard -mfpu=vfp -mtune=arm1176jzf-s -O3  -lpthread -lwiringPi -lbcm_host -lvcos -lvchiq_arm -lvchostif conftest.c  >&5
configure:7088: $? = 0
configure:7088: result: yes
configure:7097: checking for working mmap
configure:7244: gcc -o conftest -w -mcpu=arm1176jzf-s -mfloat-abi=hard -mfpu=vfp -mtune=arm1176jzf-s -O3  -lpthread -lwiringPi -lbcm_host -lvcos -lvchiq_arm -lvchostif conftest.c  >&5
configure:7244: $? = 0
configure:7244: ./conftest
configure:7244: $? = 0
configure:7254: result: yes
configure:7266: checking for sys/select.h
configure:7266: result: yes
configure:7266: checking for sys/socket.h
configure:7266: result: yes
configure:7276: checking types of arguments for select
configure:7304: gcc -c -w -mcpu=arm1176jzf-s -mfloat-abi=hard -mfpu=vfp -mtune=arm1176jzf-s -O3  conftest.c >&5
configure:7304: $? = 0
configure:7315: result: int,fd_set *,struct timeval *
configure:7340: checking for vprintf
configure:7340: gcc -o conftest -w -mcpu=arm1176jzf-s -mfloat-abi=hard -mfpu=vfp -mtune=arm1176jzf-s -O3  -lpthread -lwiringPi -lbcm_host -lvcos -lvchiq_arm -lvchostif conftest.c  >&5
configure:7340: $? = 0
configure:7340: result: yes
configure:7346: checking for _doprnt
configure:7346: gcc -o conftest -w -mcpu=arm1176jzf-s -mfloat-abi=hard -mfpu=vfp -mtune=arm1176jzf-s -O3  -lpthread -lwiringPi -lbcm_host -lvcos -lvchiq_arm -lvchostif conftest.c  >&5
/usr/bin/ld: /tmp/ccvZJ1OA.o: in function `main':
conftest.c:(.text.startup+0x4): undefined reference to `_doprnt'
collect2: error: ld returned 1 exit status
configure:7346: $? = 1
configure: failed program was:
| /* confdefs.h */
| #define PACKAGE_NAME "advancemame"
| #define PACKAGE_TARNAME "advancemame"
| #define PACKAGE_VERSION "3.9-50-g384e646"
| #define PACKAGE_STRING "advancemame 3.9-50-g384e646"
| #define PACKAGE_BUGREPORT ""
| #define PACKAGE_URL "http://www.advancemame.it"
| #define STDC_HEADERS 1
| #define HAVE_SYS_TYPES_H 1
| #define HAVE_SYS_STAT_H 1
| #define HAVE_STDLIB_H 1
| #define HAVE_STRING_H 1
| #define HAVE_MEMORY_H 1
| #define HAVE_STRINGS_H 1
| #define HAVE_INTTYPES_H 1
| #define HAVE_STDINT_H 1
| #define HAVE_UNISTD_H 1
| #define SIZEOF_CHAR 1
| #define SIZEOF_SHORT 2
| #define SIZEOF_INT 4
| #define SIZEOF_LONG 4
| #define SIZEOF_LONG_LONG 8
| #define SIZEOF_VOIDP 4
| #define _FILE_OFFSET_BITS 64
| #define STDC_HEADERS 1
| #define HAVE_SYS_WAIT_H 1
| #define HAVE_DIRENT_H 1
| #define TIME_WITH_SYS_TIME 1
| #define GWINSZ_IN_SYS_IOCTL 1
| #define HAVE_UNISTD_H 1
| #define HAVE_SCHED_H 1
| #define HAVE_NETDB_H 1
| #define HAVE_TERMIOS_H 1
| #define HAVE_EXECINFO_H 1
| #define HAVE_SYS_UTSNAME_H 1
| #define HAVE_SYS_TYPES_H 1
| #define HAVE_SYS_STAT_H 1
| #define HAVE_SYS_SOCKET_H 1
| #define HAVE_SYS_SELECT_H 1
| #define HAVE_SYS_IOCTL_H 1
| #define HAVE_SYS_TIME_H 1
| #define HAVE_SYS_MMAN_H 1
| #define HAVE_SYS_KD_H 1
| #define HAVE_SYS_VT_H 1
| #define HAVE_NETINET_IN_H 1
| #define HAVE_UCONTEXT_H 1
| #define restrict __restrict
| #define HAVE_ALLOCA_H 1
| #define HAVE_ALLOCA 1
| #define HAVE_STDLIB_H 1
| #define HAVE_UNISTD_H 1
| #define HAVE_SYS_PARAM_H 1
| #define HAVE_GETPAGESIZE 1
| #define HAVE_MMAP 1
| #define HAVE_SYS_SELECT_H 1
| #define HAVE_SYS_SOCKET_H 1
| #define SELECT_TYPE_ARG1 int
| #define SELECT_TYPE_ARG234 (fd_set *)
| #define SELECT_TYPE_ARG5 (struct timeval *)
| #define HAVE_VPRINTF 1
| /* end confdefs.h.  */
| /* Define _doprnt to an innocuous variant, in case <limits.h> declares _doprnt.
|    For example, HP-UX 11i <limits.h> declares gettimeofday.  */
| #define _doprnt innocuous__doprnt
| 
| /* System header to define __stub macros and hopefully few prototypes,
|     which can conflict with char _doprnt (); below.
|     Prefer <limits.h> to <assert.h> if __STDC__ is defined, since
|     <limits.h> exists even on freestanding compilers.  */
| 
| #ifdef __STDC__
| # include <limits.h>
| #else
| # include <assert.h>
| #endif
| 
| #undef _doprnt
| 
| /* Override any GCC internal prototype to avoid an error.
|    Use char because int might match the return type of a GCC
|    builtin and then its argument prototype would still apply.  */
| #ifdef __cplusplus
| extern "C"
| #endif
| char _doprnt ();
| /* The GNU C library defines this for functions which it implements
|     to always fail with ENOSYS.  Some functions are actually named
|     something starting with __ and the normal name is an alias.  */
| #if defined __stub__doprnt || defined __stub____doprnt
| choke me
| #endif
| 
| int
| main ()
| {
| return _doprnt ();
|   ;
|   return 0;
| }
configure:7346: result: no
configure:7360: checking for strcasecmp
configure:7360: gcc -o conftest -w -mcpu=arm1176jzf-s -mfloat-abi=hard -mfpu=vfp -mtune=arm1176jzf-s -O3  -lpthread -lwiringPi -lbcm_host -lvcos -lvchiq_arm -lvchostif conftest.c  >&5
configure:7360: $? = 0
configure:7360: result: yes
configure:7360: checking for strerror
configure:7360: gcc -o conftest -w -mcpu=arm1176jzf-s -mfloat-abi=hard -mfpu=vfp -mtune=arm1176jzf-s -O3  -lpthread -lwiringPi -lbcm_host -lvcos -lvchiq_arm -lvchostif conftest.c  >&5
configure:7360: $? = 0
configure:7360: result: yes
configure:7360: checking for utimes
configure:7360: gcc -o conftest -w -mcpu=arm1176jzf-s -mfloat-abi=hard -mfpu=vfp -mtune=arm1176jzf-s -O3  -lpthread -lwiringPi -lbcm_host -lvcos -lvchiq_arm -lvchostif conftest.c  >&5
configure:7360: $? = 0
configure:7360: result: yes
configure:7372: checking for uname
configure:7372: gcc -o conftest -w -mcpu=arm1176jzf-s -mfloat-abi=hard -mfpu=vfp -mtune=arm1176jzf-s -O3  -lpthread -lwiringPi -lbcm_host -lvcos -lvchiq_arm -lvchostif conftest.c  >&5
configure:7372: $? = 0
configure:7372: result: yes
configure:7372: checking for sysconf
configure:7372: gcc -o conftest -w -mcpu=arm1176jzf-s -mfloat-abi=hard -mfpu=vfp -mtune=arm1176jzf-s -O3  -lpthread -lwiringPi -lbcm_host -lvcos -lvchiq_arm -lvchostif conftest.c  >&5
configure:7372: $? = 0
configure:7372: result: yes
configure:7372: checking for backtrace
configure:7372: gcc -o conftest -w -mcpu=arm1176jzf-s -mfloat-abi=hard -mfpu=vfp -mtune=arm1176jzf-s -O3  -lpthread -lwiringPi -lbcm_host -lvcos -lvchiq_arm -lvchostif conftest.c  >&5
configure:7372: $? = 0
configure:7372: result: yes
configure:7372: checking for backtrace_symbols
configure:7372: gcc -o conftest -w -mcpu=arm1176jzf-s -mfloat-abi=hard -mfpu=vfp -mtune=arm1176jzf-s -O3  -lpthread -lwiringPi -lbcm_host -lvcos -lvchiq_arm -lvchostif conftest.c  >&5
configure:7372: $? = 0
configure:7372: result: yes
configure:7384: checking for flockfile
configure:7384: gcc -o conftest -w -mcpu=arm1176jzf-s -mfloat-abi=hard -mfpu=vfp -mtune=arm1176jzf-s -O3  -lpthread -lwiringPi -lbcm_host -lvcos -lvchiq_arm -lvchostif conftest.c  >&5
configure:7384: $? = 0
configure:7384: result: yes
configure:7384: checking for funlockfile
configure:7384: gcc -o conftest -w -mcpu=arm1176jzf-s -mfloat-abi=hard -mfpu=vfp -mtune=arm1176jzf-s -O3  -lpthread -lwiringPi -lbcm_host -lvcos -lvchiq_arm -lvchostif conftest.c  >&5
configure:7384: $? = 0
configure:7384: result: yes
configure:7384: checking for fread_unlocked
configure:7384: gcc -o conftest -w -mcpu=arm1176jzf-s -mfloat-abi=hard -mfpu=vfp -mtune=arm1176jzf-s -O3  -lpthread -lwiringPi -lbcm_host -lvcos -lvchiq_arm -lvchostif conftest.c  >&5
configure:7384: $? = 0
configure:7384: result: yes
configure:7384: checking for fwrite_unlocked
configure:7384: gcc -o conftest -w -mcpu=arm1176jzf-s -mfloat-abi=hard -mfpu=vfp -mtune=arm1176jzf-s -O3  -lpthread -lwiringPi -lbcm_host -lvcos -lvchiq_arm -lvchostif conftest.c  >&5
configure:7384: $? = 0
configure:7384: result: yes
configure:7384: checking for fgetc_unlocked
configure:7384: gcc -o conftest -w -mcpu=arm1176jzf-s -mfloat-abi=hard -mfpu=vfp -mtune=arm1176jzf-s -O3  -lpthread -lwiringPi -lbcm_host -lvcos -lvchiq_arm -lvchostif conftest.c  >&5
configure:7384: $? = 0
configure:7384: result: yes
configure:7384: checking for feof_unlocked
configure:7384: gcc -o conftest -w -mcpu=arm1176jzf-s -mfloat-abi=hard -mfpu=vfp -mtune=arm1176jzf-s -O3  -lpthread -lwiringPi -lbcm_host -lvcos -lvchiq_arm -lvchostif conftest.c  >&5
configure:7384: $? = 0
configure:7384: result: yes
configure:7384: checking for fseeko
configure:7384: gcc -o conftest -w -mcpu=arm1176jzf-s -mfloat-abi=hard -mfpu=vfp -mtune=arm1176jzf-s -O3  -lpthread -lwiringPi -lbcm_host -lvcos -lvchiq_arm -lvchostif conftest.c  >&5
configure:7384: $? = 0
configure:7384: result: yes
configure:7384: checking for ftello
configure:7384: gcc -o conftest -w -mcpu=arm1176jzf-s -mfloat-abi=hard -mfpu=vfp -mtune=arm1176jzf-s -O3  -lpthread -lwiringPi -lbcm_host -lvcos -lvchiq_arm -lvchostif conftest.c  >&5
configure:7384: $? = 0
configure:7384: result: yes
configure:7396: checking for fsync
configure:7396: gcc -o conftest -w -mcpu=arm1176jzf-s -mfloat-abi=hard -mfpu=vfp -mtune=arm1176jzf-s -O3  -lpthread -lwiringPi -lbcm_host -lvcos -lvchiq_arm -lvchostif conftest.c  >&5
configure:7396: $? = 0
configure:7396: result: yes
configure:7396: checking for renameat
configure:7396: gcc -o conftest -w -mcpu=arm1176jzf-s -mfloat-abi=hard -mfpu=vfp -mtune=arm1176jzf-s -O3  -lpthread -lwiringPi -lbcm_host -lvcos -lvchiq_arm -lvchostif conftest.c  >&5
configure:7396: $? = 0
configure:7396: result: yes
configure:7396: checking for openat
configure:7396: gcc -o conftest -w -mcpu=arm1176jzf-s -mfloat-abi=hard -mfpu=vfp -mtune=arm1176jzf-s -O3  -lpthread -lwiringPi -lbcm_host -lvcos -lvchiq_arm -lvchostif conftest.c  >&5
configure:7396: $? = 0
configure:7396: result: yes
configure:7396: checking for fdopen
configure:7396: gcc -o conftest -w -mcpu=arm1176jzf-s -mfloat-abi=hard -mfpu=vfp -mtune=arm1176jzf-s -O3  -lpthread -lwiringPi -lbcm_host -lvcos -lvchiq_arm -lvchostif conftest.c  >&5
configure:7396: $? = 0
configure:7396: result: yes
configure:7408: checking for iopl
configure:7408: gcc -o conftest -w -mcpu=arm1176jzf-s -mfloat-abi=hard -mfpu=vfp -mtune=arm1176jzf-s -O3  -lpthread -lwiringPi -lbcm_host -lvcos -lvchiq_arm -lvchostif conftest.c  >&5
/usr/bin/ld: /tmp/ccbCMNng.o: in function `main':
conftest.c:(.text.startup+0x4): undefined reference to `iopl'
collect2: error: ld returned 1 exit status
configure:7408: $? = 1
configure: failed program was:
| /* confdefs.h */
| #define PACKAGE_NAME "advancemame"
| #define PACKAGE_TARNAME "advancemame"
| #define PACKAGE_VERSION "3.9-50-g384e646"
| #define PACKAGE_STRING "advancemame 3.9-50-g384e646"
| #define PACKAGE_BUGREPORT ""
| #define PACKAGE_URL "http://www.advancemame.it"
| #define STDC_HEADERS 1
| #define HAVE_SYS_TYPES_H 1
| #define HAVE_SYS_STAT_H 1
| #define HAVE_STDLIB_H 1
| #define HAVE_STRING_H 1
| #define HAVE_MEMORY_H 1
| #define HAVE_STRINGS_H 1
| #define HAVE_INTTYPES_H 1
| #define HAVE_STDINT_H 1
| #define HAVE_UNISTD_H 1
| #define SIZEOF_CHAR 1
| #define SIZEOF_SHORT 2
| #define SIZEOF_INT 4
| #define SIZEOF_LONG 4
| #define SIZEOF_LONG_LONG 8
| #define SIZEOF_VOIDP 4
| #define _FILE_OFFSET_BITS 64
| #define STDC_HEADERS 1
| #define HAVE_SYS_WAIT_H 1
| #define HAVE_DIRENT_H 1
| #define TIME_WITH_SYS_TIME 1
| #define GWINSZ_IN_SYS_IOCTL 1
| #define HAVE_UNISTD_H 1
| #define HAVE_SCHED_H 1
| #define HAVE_NETDB_H 1
| #define HAVE_TERMIOS_H 1
| #define HAVE_EXECINFO_H 1
| #define HAVE_SYS_UTSNAME_H 1
| #define HAVE_SYS_TYPES_H 1
| #define HAVE_SYS_STAT_H 1
| #define HAVE_SYS_SOCKET_H 1
| #define HAVE_SYS_SELECT_H 1
| #define HAVE_SYS_IOCTL_H 1
| #define HAVE_SYS_TIME_H 1
| #define HAVE_SYS_MMAN_H 1
| #define HAVE_SYS_KD_H 1
| #define HAVE_SYS_VT_H 1
| #define HAVE_NETINET_IN_H 1
| #define HAVE_UCONTEXT_H 1
| #define restrict __restrict
| #define HAVE_ALLOCA_H 1
| #define HAVE_ALLOCA 1
| #define HAVE_STDLIB_H 1
| #define HAVE_UNISTD_H 1
| #define HAVE_SYS_PARAM_H 1
| #define HAVE_GETPAGESIZE 1
| #define HAVE_MMAP 1
| #define HAVE_SYS_SELECT_H 1
| #define HAVE_SYS_SOCKET_H 1
| #define SELECT_TYPE_ARG1 int
| #define SELECT_TYPE_ARG234 (fd_set *)
| #define SELECT_TYPE_ARG5 (struct timeval *)
| #define HAVE_VPRINTF 1
| #define HAVE_STRCASECMP 1
| #define HAVE_STRERROR 1
| #define HAVE_UTIMES 1
| #define HAVE_UNAME 1
| #define HAVE_SYSCONF 1
| #define HAVE_BACKTRACE 1
| #define HAVE_BACKTRACE_SYMBOLS 1
| #define HAVE_FLOCKFILE 1
| #define HAVE_FUNLOCKFILE 1
| #define HAVE_FREAD_UNLOCKED 1
| #define HAVE_FWRITE_UNLOCKED 1
| #define HAVE_FGETC_UNLOCKED 1
| #define HAVE_FEOF_UNLOCKED 1
| #define HAVE_FSEEKO 1
| #define HAVE_FTELLO 1
| #define HAVE_FSYNC 1
| #define HAVE_RENAMEAT 1
| #define HAVE_OPENAT 1
| #define HAVE_FDOPEN 1
| /* end confdefs.h.  */
| /* Define iopl to an innocuous variant, in case <limits.h> declares iopl.
|    For example, HP-UX 11i <limits.h> declares gettimeofday.  */
| #define iopl innocuous_iopl
| 
| /* System header to define __stub macros and hopefully few prototypes,
|     which can conflict with char iopl (); below.
|     Prefer <limits.h> to <assert.h> if __STDC__ is defined, since
|     <limits.h> exists even on freestanding compilers.  */
| 
| #ifdef __STDC__
| # include <limits.h>
| #else
| # include <assert.h>
| #endif
| 
| #undef iopl
| 
| /* Override any GCC internal prototype to avoid an error.
|    Use char because int might match the return type of a GCC
|    builtin and then its argument prototype would still apply.  */
| #ifdef __cplusplus
| extern "C"
| #endif
| char iopl ();
| /* The GNU C library defines this for functions which it implements
|     to always fail with ENOSYS.  Some functions are actually named
|     something starting with __ and the normal name is an alias.  */
| #if defined __stub_iopl || defined __stub___iopl
| choke me
| #endif
| 
| int
| main ()
| {
| return iopl ();
|   ;
|   return 0;
| }
configure:7408: result: no
configure:7408: checking for mprotect
configure:7408: gcc -o conftest -w -mcpu=arm1176jzf-s -mfloat-abi=hard -mfpu=vfp -mtune=arm1176jzf-s -O3  -lpthread -lwiringPi -lbcm_host -lvcos -lvchiq_arm -lvchostif conftest.c  >&5
configure:7408: $? = 0
configure:7408: result: yes
configure:7408: checking for sched_getscheduler
configure:7408: gcc -o conftest -w -mcpu=arm1176jzf-s -mfloat-abi=hard -mfpu=vfp -mtune=arm1176jzf-s -O3  -lpthread -lwiringPi -lbcm_host -lvcos -lvchiq_arm -lvchostif conftest.c  >&5
configure:7408: $? = 0
configure:7408: result: yes
configure:7408: checking for sched_setscheduler
configure:7408: gcc -o conftest -w -mcpu=arm1176jzf-s -mfloat-abi=hard -mfpu=vfp -mtune=arm1176jzf-s -O3  -lpthread -lwiringPi -lbcm_host -lvcos -lvchiq_arm -lvchostif conftest.c  >&5
configure:7408: $? = 0
configure:7408: result: yes
configure:7408: checking for sched_get_priority_max
configure:7408: gcc -o conftest -w -mcpu=arm1176jzf-s -mfloat-abi=hard -mfpu=vfp -mtune=arm1176jzf-s -O3  -lpthread -lwiringPi -lbcm_host -lvcos -lvchiq_arm -lvchostif conftest.c  >&5
configure:7408: $? = 0
configure:7408: result: yes
configure:7408: checking for sched_yield
configure:7408: gcc -o conftest -w -mcpu=arm1176jzf-s -mfloat-abi=hard -mfpu=vfp -mtune=arm1176jzf-s -O3  -lpthread -lwiringPi -lbcm_host -lvcos -lvchiq_arm -lvchostif conftest.c  >&5
configure:7408: $? = 0
configure:7408: result: yes
configure:7417: checking for port in/out
configure:7434: gcc -o conftest -w -mcpu=arm1176jzf-s -mfloat-abi=hard -mfpu=vfp -mtune=arm1176jzf-s -O3  -lpthread -lwiringPi -lbcm_host -lvcos -lvchiq_arm -lvchostif conftest.c  >&5
conftest.c:87:13: fatal error: sys/io.h: No such file or directory
   87 |    #include <sys/io.h>
      |             ^~~~~~~~~~
compilation terminated.
configure:7434: $? = 1
configure: failed program was:
| /* confdefs.h */
| #define PACKAGE_NAME "advancemame"
| #define PACKAGE_TARNAME "advancemame"
| #define PACKAGE_VERSION "3.9-50-g384e646"
| #define PACKAGE_STRING "advancemame 3.9-50-g384e646"
| #define PACKAGE_BUGREPORT ""
| #define PACKAGE_URL "http://www.advancemame.it"
| #define STDC_HEADERS 1
| #define HAVE_SYS_TYPES_H 1
| #define HAVE_SYS_STAT_H 1
| #define HAVE_STDLIB_H 1
| #define HAVE_STRING_H 1
| #define HAVE_MEMORY_H 1
| #define HAVE_STRINGS_H 1
| #define HAVE_INTTYPES_H 1
| #define HAVE_STDINT_H 1
| #define HAVE_UNISTD_H 1
| #define SIZEOF_CHAR 1
| #define SIZEOF_SHORT 2
| #define SIZEOF_INT 4
| #define SIZEOF_LONG 4
| #define SIZEOF_LONG_LONG 8
| #define SIZEOF_VOIDP 4
| #define _FILE_OFFSET_BITS 64
| #define STDC_HEADERS 1
| #define HAVE_SYS_WAIT_H 1
| #define HAVE_DIRENT_H 1
| #define TIME_WITH_SYS_TIME 1
| #define GWINSZ_IN_SYS_IOCTL 1
| #define HAVE_UNISTD_H 1
| #define HAVE_SCHED_H 1
| #define HAVE_NETDB_H 1
| #define HAVE_TERMIOS_H 1
| #define HAVE_EXECINFO_H 1
| #define HAVE_SYS_UTSNAME_H 1
| #define HAVE_SYS_TYPES_H 1
| #define HAVE_SYS_STAT_H 1
| #define HAVE_SYS_SOCKET_H 1
| #define HAVE_SYS_SELECT_H 1
| #define HAVE_SYS_IOCTL_H 1
| #define HAVE_SYS_TIME_H 1
| #define HAVE_SYS_MMAN_H 1
| #define HAVE_SYS_KD_H 1
| #define HAVE_SYS_VT_H 1
| #define HAVE_NETINET_IN_H 1
| #define HAVE_UCONTEXT_H 1
| #define restrict __restrict
| #define HAVE_ALLOCA_H 1
| #define HAVE_ALLOCA 1
| #define HAVE_STDLIB_H 1
| #define HAVE_UNISTD_H 1
| #define HAVE_SYS_PARAM_H 1
| #define HAVE_GETPAGESIZE 1
| #define HAVE_MMAP 1
| #define HAVE_SYS_SELECT_H 1
| #define HAVE_SYS_SOCKET_H 1
| #define SELECT_TYPE_ARG1 int
| #define SELECT_TYPE_ARG234 (fd_set *)
| #define SELECT_TYPE_ARG5 (struct timeval *)
| #define HAVE_VPRINTF 1
| #define HAVE_STRCASECMP 1
| #define HAVE_STRERROR 1
| #define HAVE_UTIMES 1
| #define HAVE_UNAME 1
| #define HAVE_SYSCONF 1
| #define HAVE_BACKTRACE 1
| #define HAVE_BACKTRACE_SYMBOLS 1
| #define HAVE_FLOCKFILE 1
| #define HAVE_FUNLOCKFILE 1
| #define HAVE_FREAD_UNLOCKED 1
| #define HAVE_FWRITE_UNLOCKED 1
| #define HAVE_FGETC_UNLOCKED 1
| #define HAVE_FEOF_UNLOCKED 1
| #define HAVE_FSEEKO 1
| #define HAVE_FTELLO 1
| #define HAVE_FSYNC 1
| #define HAVE_RENAMEAT 1
| #define HAVE_OPENAT 1
| #define HAVE_FDOPEN 1
| #define HAVE_MPROTECT 1
| #define HAVE_SCHED_GETSCHEDULER 1
| #define HAVE_SCHED_SETSCHEDULER 1
| #define HAVE_SCHED_GET_PRIORITY_MAX 1
| #define HAVE_SCHED_YIELD 1
| /* end confdefs.h.  */
| 
| 			#include <sys/io.h>
| 
| int
| main ()
| {
| 
| 			outb(0x80, inb(0x80));
| 
|   ;
|   return 0;
| }
configure:7441: result: no
configure:7474: checking for cos in -lm
configure:7499: gcc -o conftest -w -mcpu=arm1176jzf-s -mfloat-abi=hard -mfpu=vfp -mtune=arm1176jzf-s -O3  -lpthread -lwiringPi -lbcm_host -lvcos -lvchiq_arm -lvchostif conftest.c -lm   >&5
configure:7499: $? = 0
configure:7508: result: yes
configure:7515: checking for socket in -lsocket
configure:7540: gcc -o conftest -w -mcpu=arm1176jzf-s -mfloat-abi=hard -mfpu=vfp -mtune=arm1176jzf-s -O3  -lpthread -lwiringPi -lbcm_host -lvcos -lvchiq_arm -lvchostif conftest.c -lsocket   >&5
/usr/bin/ld: cannot find -lsocket
collect2: error: ld returned 1 exit status
configure:7540: $? = 1
configure: failed program was:
| /* confdefs.h */
| #define PACKAGE_NAME "advancemame"
| #define PACKAGE_TARNAME "advancemame"
| #define PACKAGE_VERSION "3.9-50-g384e646"
| #define PACKAGE_STRING "advancemame 3.9-50-g384e646"
| #define PACKAGE_BUGREPORT ""
| #define PACKAGE_URL "http://www.advancemame.it"
| #define STDC_HEADERS 1
| #define HAVE_SYS_TYPES_H 1
| #define HAVE_SYS_STAT_H 1
| #define HAVE_STDLIB_H 1
| #define HAVE_STRING_H 1
| #define HAVE_MEMORY_H 1
| #define HAVE_STRINGS_H 1
| #define HAVE_INTTYPES_H 1
| #define HAVE_STDINT_H 1
| #define HAVE_UNISTD_H 1
| #define SIZEOF_CHAR 1
| #define SIZEOF_SHORT 2
| #define SIZEOF_INT 4
| #define SIZEOF_LONG 4
| #define SIZEOF_LONG_LONG 8
| #define SIZEOF_VOIDP 4
| #define _FILE_OFFSET_BITS 64
| #define STDC_HEADERS 1
| #define HAVE_SYS_WAIT_H 1
| #define HAVE_DIRENT_H 1
| #define TIME_WITH_SYS_TIME 1
| #define GWINSZ_IN_SYS_IOCTL 1
| #define HAVE_UNISTD_H 1
| #define HAVE_SCHED_H 1
| #define HAVE_NETDB_H 1
| #define HAVE_TERMIOS_H 1
| #define HAVE_EXECINFO_H 1
| #define HAVE_SYS_UTSNAME_H 1
| #define HAVE_SYS_TYPES_H 1
| #define HAVE_SYS_STAT_H 1
| #define HAVE_SYS_SOCKET_H 1
| #define HAVE_SYS_SELECT_H 1
| #define HAVE_SYS_IOCTL_H 1
| #define HAVE_SYS_TIME_H 1
| #define HAVE_SYS_MMAN_H 1
| #define HAVE_SYS_KD_H 1
| #define HAVE_SYS_VT_H 1
| #define HAVE_NETINET_IN_H 1
| #define HAVE_UCONTEXT_H 1
| #define restrict __restrict
| #define HAVE_ALLOCA_H 1
| #define HAVE_ALLOCA 1
| #define HAVE_STDLIB_H 1
| #define HAVE_UNISTD_H 1
| #define HAVE_SYS_PARAM_H 1
| #define HAVE_GETPAGESIZE 1
| #define HAVE_MMAP 1
| #define HAVE_SYS_SELECT_H 1
| #define HAVE_SYS_SOCKET_H 1
| #define SELECT_TYPE_ARG1 int
| #define SELECT_TYPE_ARG234 (fd_set *)
| #define SELECT_TYPE_ARG5 (struct timeval *)
| #define HAVE_VPRINTF 1
| #define HAVE_STRCASECMP 1
| #define HAVE_STRERROR 1
| #define HAVE_UTIMES 1
| #define HAVE_UNAME 1
| #define HAVE_SYSCONF 1
| #define HAVE_BACKTRACE 1
| #define HAVE_BACKTRACE_SYMBOLS 1
| #define HAVE_FLOCKFILE 1
| #define HAVE_FUNLOCKFILE 1
| #define HAVE_FREAD_UNLOCKED 1
| #define HAVE_FWRITE_UNLOCKED 1
| #define HAVE_FGETC_UNLOCKED 1
| #define HAVE_FEOF_UNLOCKED 1
| #define HAVE_FSEEKO 1
| #define HAVE_FTELLO 1
| #define HAVE_FSYNC 1
| #define HAVE_RENAMEAT 1
| #define HAVE_OPENAT 1
| #define HAVE_FDOPEN 1
| #define HAVE_MPROTECT 1
| #define HAVE_SCHED_GETSCHEDULER 1
| #define HAVE_SCHED_SETSCHEDULER 1
| #define HAVE_SCHED_GET_PRIORITY_MAX 1
| #define HAVE_SCHED_YIELD 1
| /* end confdefs.h.  */
| 
| /* Override any GCC internal prototype to avoid an error.
|    Use char because int might match the return type of a GCC
|    builtin and then its argument prototype would still apply.  */
| #ifdef __cplusplus
| extern "C"
| #endif
| char socket ();
| int
| main ()
| {
| return socket ();
|   ;
|   return 0;
| }
configure:7549: result: no
configure:7555: checking for socket in -lnetwork
configure:7580: gcc -o conftest -w -mcpu=arm1176jzf-s -mfloat-abi=hard -mfpu=vfp -mtune=arm1176jzf-s -O3  -lpthread -lwiringPi -lbcm_host -lvcos -lvchiq_arm -lvchostif conftest.c -lnetwork   >&5
/usr/bin/ld: cannot find -lnetwork
collect2: error: ld returned 1 exit status
configure:7580: $? = 1
configure: failed program was:
| /* confdefs.h */
| #define PACKAGE_NAME "advancemame"
| #define PACKAGE_TARNAME "advancemame"
| #define PACKAGE_VERSION "3.9-50-g384e646"
| #define PACKAGE_STRING "advancemame 3.9-50-g384e646"
| #define PACKAGE_BUGREPORT ""
| #define PACKAGE_URL "http://www.advancemame.it"
| #define STDC_HEADERS 1
| #define HAVE_SYS_TYPES_H 1
| #define HAVE_SYS_STAT_H 1
| #define HAVE_STDLIB_H 1
| #define HAVE_STRING_H 1
| #define HAVE_MEMORY_H 1
| #define HAVE_STRINGS_H 1
| #define HAVE_INTTYPES_H 1
| #define HAVE_STDINT_H 1
| #define HAVE_UNISTD_H 1
| #define SIZEOF_CHAR 1
| #define SIZEOF_SHORT 2
| #define SIZEOF_INT 4
| #define SIZEOF_LONG 4
| #define SIZEOF_LONG_LONG 8
| #define SIZEOF_VOIDP 4
| #define _FILE_OFFSET_BITS 64
| #define STDC_HEADERS 1
| #define HAVE_SYS_WAIT_H 1
| #define HAVE_DIRENT_H 1
| #define TIME_WITH_SYS_TIME 1
| #define GWINSZ_IN_SYS_IOCTL 1
| #define HAVE_UNISTD_H 1
| #define HAVE_SCHED_H 1
| #define HAVE_NETDB_H 1
| #define HAVE_TERMIOS_H 1
| #define HAVE_EXECINFO_H 1
| #define HAVE_SYS_UTSNAME_H 1
| #define HAVE_SYS_TYPES_H 1
| #define HAVE_SYS_STAT_H 1
| #define HAVE_SYS_SOCKET_H 1
| #define HAVE_SYS_SELECT_H 1
| #define HAVE_SYS_IOCTL_H 1
| #define HAVE_SYS_TIME_H 1
| #define HAVE_SYS_MMAN_H 1
| #define HAVE_SYS_KD_H 1
| #define HAVE_SYS_VT_H 1
| #define HAVE_NETINET_IN_H 1
| #define HAVE_UCONTEXT_H 1
| #define restrict __restrict
| #define HAVE_ALLOCA_H 1
| #define HAVE_ALLOCA 1
| #define HAVE_STDLIB_H 1
| #define HAVE_UNISTD_H 1
| #define HAVE_SYS_PARAM_H 1
| #define HAVE_GETPAGESIZE 1
| #define HAVE_MMAP 1
| #define HAVE_SYS_SELECT_H 1
| #define HAVE_SYS_SOCKET_H 1
| #define SELECT_TYPE_ARG1 int
| #define SELECT_TYPE_ARG234 (fd_set *)
| #define SELECT_TYPE_ARG5 (struct timeval *)
| #define HAVE_VPRINTF 1
| #define HAVE_STRCASECMP 1
| #define HAVE_STRERROR 1
| #define HAVE_UTIMES 1
| #define HAVE_UNAME 1
| #define HAVE_SYSCONF 1
| #define HAVE_BACKTRACE 1
| #define HAVE_BACKTRACE_SYMBOLS 1
| #define HAVE_FLOCKFILE 1
| #define HAVE_FUNLOCKFILE 1
| #define HAVE_FREAD_UNLOCKED 1
| #define HAVE_FWRITE_UNLOCKED 1
| #define HAVE_FGETC_UNLOCKED 1
| #define HAVE_FEOF_UNLOCKED 1
| #define HAVE_FSEEKO 1
| #define HAVE_FTELLO 1
| #define HAVE_FSYNC 1
| #define HAVE_RENAMEAT 1
| #define HAVE_OPENAT 1
| #define HAVE_FDOPEN 1
| #define HAVE_MPROTECT 1
| #define HAVE_SCHED_GETSCHEDULER 1
| #define HAVE_SCHED_SETSCHEDULER 1
| #define HAVE_SCHED_GET_PRIORITY_MAX 1
| #define HAVE_SCHED_YIELD 1
| /* end confdefs.h.  */
| 
| /* Override any GCC internal prototype to avoid an error.
|    Use char because int might match the return type of a GCC
|    builtin and then its argument prototype would still apply.  */
| #ifdef __cplusplus
| extern "C"
| #endif
| char socket ();
| int
| main ()
| {
| return socket ();
|   ;
|   return 0;
| }
configure:7589: result: no
configure:7608: checking for adler32 in -lz
configure:7633: gcc -o conftest -w -mcpu=arm1176jzf-s -mfloat-abi=hard -mfpu=vfp -mtune=arm1176jzf-s -O3  -lpthread -lwiringPi -lbcm_host -lvcos -lvchiq_arm -lvchostif conftest.c -lz   >&5
configure:7633: $? = 0
configure:7642: result: yes
configure:7669: checking for XML_ParserCreate in -lexpat
configure:7694: gcc -o conftest -w -mcpu=arm1176jzf-s -mfloat-abi=hard -mfpu=vfp -mtune=arm1176jzf-s -O3  -lpthread -lwiringPi -lbcm_host -lvcos -lvchiq_arm -lvchostif conftest.c -lexpat   >&5
/usr/bin/ld: cannot find -lexpat
collect2: error: ld returned 1 exit status
configure:7694: $? = 1
configure: failed program was:
| /* confdefs.h */
| #define PACKAGE_NAME "advancemame"
| #define PACKAGE_TARNAME "advancemame"
| #define PACKAGE_VERSION "3.9-50-g384e646"
| #define PACKAGE_STRING "advancemame 3.9-50-g384e646"
| #define PACKAGE_BUGREPORT ""
| #define PACKAGE_URL "http://www.advancemame.it"
| #define STDC_HEADERS 1
| #define HAVE_SYS_TYPES_H 1
| #define HAVE_SYS_STAT_H 1
| #define HAVE_STDLIB_H 1
| #define HAVE_STRING_H 1
| #define HAVE_MEMORY_H 1
| #define HAVE_STRINGS_H 1
| #define HAVE_INTTYPES_H 1
| #define HAVE_STDINT_H 1
| #define HAVE_UNISTD_H 1
| #define SIZEOF_CHAR 1
| #define SIZEOF_SHORT 2
| #define SIZEOF_INT 4
| #define SIZEOF_LONG 4
| #define SIZEOF_LONG_LONG 8
| #define SIZEOF_VOIDP 4
| #define _FILE_OFFSET_BITS 64
| #define STDC_HEADERS 1
| #define HAVE_SYS_WAIT_H 1
| #define HAVE_DIRENT_H 1
| #define TIME_WITH_SYS_TIME 1
| #define GWINSZ_IN_SYS_IOCTL 1
| #define HAVE_UNISTD_H 1
| #define HAVE_SCHED_H 1
| #define HAVE_NETDB_H 1
| #define HAVE_TERMIOS_H 1
| #define HAVE_EXECINFO_H 1
| #define HAVE_SYS_UTSNAME_H 1
| #define HAVE_SYS_TYPES_H 1
| #define HAVE_SYS_STAT_H 1
| #define HAVE_SYS_SOCKET_H 1
| #define HAVE_SYS_SELECT_H 1
| #define HAVE_SYS_IOCTL_H 1
| #define HAVE_SYS_TIME_H 1
| #define HAVE_SYS_MMAN_H 1
| #define HAVE_SYS_KD_H 1
| #define HAVE_SYS_VT_H 1
| #define HAVE_NETINET_IN_H 1
| #define HAVE_UCONTEXT_H 1
| #define restrict __restrict
| #define HAVE_ALLOCA_H 1
| #define HAVE_ALLOCA 1
| #define HAVE_STDLIB_H 1
| #define HAVE_UNISTD_H 1
| #define HAVE_SYS_PARAM_H 1
| #define HAVE_GETPAGESIZE 1
| #define HAVE_MMAP 1
| #define HAVE_SYS_SELECT_H 1
| #define HAVE_SYS_SOCKET_H 1
| #define SELECT_TYPE_ARG1 int
| #define SELECT_TYPE_ARG234 (fd_set *)
| #define SELECT_TYPE_ARG5 (struct timeval *)
| #define HAVE_VPRINTF 1
| #define HAVE_STRCASECMP 1
| #define HAVE_STRERROR 1
| #define HAVE_UTIMES 1
| #define HAVE_UNAME 1
| #define HAVE_SYSCONF 1
| #define HAVE_BACKTRACE 1
| #define HAVE_BACKTRACE_SYMBOLS 1
| #define HAVE_FLOCKFILE 1
| #define HAVE_FUNLOCKFILE 1
| #define HAVE_FREAD_UNLOCKED 1
| #define HAVE_FWRITE_UNLOCKED 1
| #define HAVE_FGETC_UNLOCKED 1
| #define HAVE_FEOF_UNLOCKED 1
| #define HAVE_FSEEKO 1
| #define HAVE_FTELLO 1
| #define HAVE_FSYNC 1
| #define HAVE_RENAMEAT 1
| #define HAVE_OPENAT 1
| #define HAVE_FDOPEN 1
| #define HAVE_MPROTECT 1
| #define HAVE_SCHED_GETSCHEDULER 1
| #define HAVE_SCHED_SETSCHEDULER 1
| #define HAVE_SCHED_GET_PRIORITY_MAX 1
| #define HAVE_SCHED_YIELD 1
| /* end confdefs.h.  */
| 
| /* Override any GCC internal prototype to avoid an error.
|    Use char because int might match the return type of a GCC
|    builtin and then its argument prototype would still apply.  */
| #ifdef __cplusplus
| extern "C"
| #endif
| char XML_ParserCreate ();
| int
| main ()
| {
| return XML_ParserCreate ();
|   ;
|   return 0;
| }
configure:7703: result: no
configure:7900: checking for FrameBuffer
configure:7917: gcc -c -w -mcpu=arm1176jzf-s -mfloat-abi=hard -mfpu=vfp -mtune=arm1176jzf-s -O3  conftest.c >&5
configure:7917: $? = 0
configure:7923: result: yes
configure:8026: checking for VideoCore
configure:8043: gcc -o conftest -I/usr/include -w -mcpu=arm1176jzf-s -mfloat-abi=hard -mfpu=vfp -mtune=arm1176jzf-s -O3  -lpthread -lwiringPi -lbcm_host -lvcos -lvchiq_arm -lvchostif conftest.c -L/usr/lib -lbcm_host -lvcos -lvchiq_arm  >&5
configure:8043: $? = 0
configure:8050: result: yes
configure:8146: checking for snd_pcm_open in -lasound
configure:8171: gcc -o conftest -w -mcpu=arm1176jzf-s -mfloat-abi=hard -mfpu=vfp -mtune=arm1176jzf-s -O3  -lpthread -lwiringPi -lbcm_host -lvcos -lvchiq_arm -lvchostif conftest.c -lasound   >&5
configure:8171: $? = 0
configure:8180: result: yes
configure:8194: checking for ALSA version
configure:8213: gcc -c -w -mcpu=arm1176jzf-s -mfloat-abi=hard -mfpu=vfp -mtune=arm1176jzf-s -O3  conftest.c >&5
configure:8213: $? = 0
configure:8219: result: yes
configure:8306: checking for pthread_create in -lpthread
configure:8332: gcc -o conftest -w -mcpu=arm1176jzf-s -mfloat-abi=hard -mfpu=vfp -mtune=arm1176jzf-s -O3  -lpthread -lwiringPi -lbcm_host -lvcos -lvchiq_arm -lvchostif conftest.c -lpthread
	 -lasound  >&5
configure:8332: $? = 0
configure:8341: result: yes
configure:8416: checking for SLANG
configure:8423: $PKG_CONFIG --exists --print-errors "slang"
Package slang was not found in the pkg-config search path.
Perhaps you should add the directory containing `slang.pc'
to the PKG_CONFIG_PATH environment variable
No package 'slang' found
configure:8426: $? = 1
configure:8440: $PKG_CONFIG --exists --print-errors "slang"
Package slang was not found in the pkg-config search path.
Perhaps you should add the directory containing `slang.pc'
to the PKG_CONFIG_PATH environment variable
No package 'slang' found
configure:8443: $? = 1
configure:8457: result: no
No package 'slang' found
configure:8836: checking for FREETYPE
configure:8843: $PKG_CONFIG --exists --print-errors "freetype2"
configure:8846: $? = 0
configure:8860: $PKG_CONFIG --exists --print-errors "freetype2"
configure:8863: $? = 0
configure:8901: result: yes
configure:8910: checking for linking freetype2
configure:8932: gcc -o conftest -I/usr/include/freetype2 -I/usr/include/libpng16 -w -mcpu=arm1176jzf-s -mfloat-abi=hard -mfpu=vfp -mtune=arm1176jzf-s -O3  -lpthread -lwiringPi -lbcm_host -lvcos -lvchiq_arm -lvchostif conftest.c -lfreetype -lasound  >&5
configure:8932: $? = 0
configure:8939: result: yes
configure:9601: checking for raw keyboard interface
configure:9623: gcc -c -w -mcpu=arm1176jzf-s -mfloat-abi=hard -mfpu=vfp -mtune=arm1176jzf-s -O3  conftest.c >&5
configure:9623: $? = 0
configure:9629: result: yes
configure:9679: checking for raw joystick interface
configure:9698: gcc -c -w -mcpu=arm1176jzf-s -mfloat-abi=hard -mfpu=vfp -mtune=arm1176jzf-s -O3  conftest.c >&5
configure:9698: $? = 0
configure:9704: result: yes
configure:9750: checking for raw mouse interface
configure:9767: gcc -c -w -mcpu=arm1176jzf-s -mfloat-abi=hard -mfpu=vfp -mtune=arm1176jzf-s -O3  conftest.c >&5
configure:9767: $? = 0
configure:9773: result: yes
configure:9817: checking for event mouse interface
configure:9834: gcc -c -w -mcpu=arm1176jzf-s -mfloat-abi=hard -mfpu=vfp -mtune=arm1176jzf-s -O3  conftest.c >&5
configure:9834: $? = 0
configure:9840: result: yes
configure:9884: checking for event keyboard interface
configure:9901: gcc -c -w -mcpu=arm1176jzf-s -mfloat-abi=hard -mfpu=vfp -mtune=arm1176jzf-s -O3  conftest.c >&5
configure:9901: $? = 0
configure:9907: result: yes
configure:9952: checking for event joystick interface
configure:9969: gcc -c -w -mcpu=arm1176jzf-s -mfloat-abi=hard -mfpu=vfp -mtune=arm1176jzf-s -O3  conftest.c >&5
configure:9969: $? = 0
configure:9975: result: yes
configure:10125: creating ./config.status

## ---------------------- ##
## Running config.status. ##
## ---------------------- ##

This file was extended by advancemame config.status 3.9-50-g384e646, which was
generated by GNU Autoconf 2.69.  Invocation command line was

  CONFIG_FILES    = 
  CONFIG_HEADERS  = 
  CONFIG_LINKS    = 
  CONFIG_COMMANDS = 
  $ ./config.status 

on raspberrypi

config.status:955: creating Makefile
config.status:955: creating advance/lib/config.h
config.status:1130: advance/lib/config.h is unchanged
configure:11333: WARNING: the SDL library was not found. You will not able to use this program in a window manager environment! If you have the SDL library installed somewhere try using the --with-sdl-prefix or --with-sdl2-prefix options.
configure:11341: WARNING: no text video mode library found. The advv/advcfg utilities will not work!

## ---------------- ##
## Cache variables. ##
## ---------------- ##

ac_cv_build=armv7l-unknown-linux-gnueabihf
ac_cv_c_bigendian=no
ac_cv_c_compiler_gnu=yes
ac_cv_c_const=yes
ac_cv_c_inline=inline
ac_cv_c_restrict=__restrict
ac_cv_cxx_compiler_gnu=yes
ac_cv_env_CCC_set=
ac_cv_env_CCC_value=
ac_cv_env_CC_set=
ac_cv_env_CC_value=
ac_cv_env_CFLAGS_set=set
ac_cv_env_CFLAGS_value='-w -mcpu=arm1176jzf-s -mfloat-abi=hard -mfpu=vfp -mtune=arm1176jzf-s -O3'
ac_cv_env_CPPFLAGS_set=
ac_cv_env_CPPFLAGS_value=
ac_cv_env_CPP_set=
ac_cv_env_CPP_value=
ac_cv_env_CXXFLAGS_set=
ac_cv_env_CXXFLAGS_value=
ac_cv_env_CXX_set=
ac_cv_env_CXX_value=
ac_cv_env_FREETYPE_CFLAGS_set=
ac_cv_env_FREETYPE_CFLAGS_value=
ac_cv_env_FREETYPE_LIBS_set=
ac_cv_env_FREETYPE_LIBS_value=
ac_cv_env_LDFLAGS_set=set
ac_cv_env_LDFLAGS_value='-lpthread -lwiringPi -lbcm_host -lvcos -lvchiq_arm -lvchostif'
ac_cv_env_LIBS_set=
ac_cv_env_LIBS_value=
ac_cv_env_NCURSES_CFLAGS_set=
ac_cv_env_NCURSES_CFLAGS_value=
ac_cv_env_NCURSES_LIBS_set=
ac_cv_env_NCURSES_LIBS_value=
ac_cv_env_PKG_CONFIG_LIBDIR_set=
ac_cv_env_PKG_CONFIG_LIBDIR_value=
ac_cv_env_PKG_CONFIG_PATH_set=
ac_cv_env_PKG_CONFIG_PATH_value=
ac_cv_env_PKG_CONFIG_set=
ac_cv_env_PKG_CONFIG_value=
ac_cv_env_SDL_CFLAGS_set=
ac_cv_env_SDL_CFLAGS_value=
ac_cv_env_SDL_LIBS_set=
ac_cv_env_SDL_LIBS_value=
ac_cv_env_SLANG_CFLAGS_set=
ac_cv_env_SLANG_CFLAGS_value=
ac_cv_env_SLANG_LIBS_set=
ac_cv_env_SLANG_LIBS_value=
ac_cv_env_build_alias_set=
ac_cv_env_build_alias_value=
ac_cv_env_host_alias_set=
ac_cv_env_host_alias_value=
ac_cv_env_target_alias_set=
ac_cv_env_target_alias_value=
ac_cv_func__doprnt=no
ac_cv_func_alloca_works=yes
ac_cv_func_backtrace=yes
ac_cv_func_backtrace_symbols=yes
ac_cv_func_fdopen=yes
ac_cv_func_feof_unlocked=yes
ac_cv_func_fgetc_unlocked=yes
ac_cv_func_flockfile=yes
ac_cv_func_fread_unlocked=yes
ac_cv_func_fseeko=yes
ac_cv_func_fsync=yes
ac_cv_func_ftello=yes
ac_cv_func_funlockfile=yes
ac_cv_func_fwrite_unlocked=yes
ac_cv_func_getpagesize=yes
ac_cv_func_iopl=no
ac_cv_func_mmap_fixed_mapped=yes
ac_cv_func_mprotect=yes
ac_cv_func_openat=yes
ac_cv_func_renameat=yes
ac_cv_func_sched_get_priority_max=yes
ac_cv_func_sched_getscheduler=yes
ac_cv_func_sched_setscheduler=yes
ac_cv_func_sched_yield=yes
ac_cv_func_select_args='int,fd_set *,struct timeval *'
ac_cv_func_strcasecmp=yes
ac_cv_func_strerror=yes
ac_cv_func_sysconf=yes
ac_cv_func_uname=yes
ac_cv_func_utimes=yes
ac_cv_func_vprintf=yes
ac_cv_header_dirent_dirent_h=yes
ac_cv_header_execinfo_h=yes
ac_cv_header_inttypes_h=yes
ac_cv_header_memory_h=yes
ac_cv_header_netdb_h=yes
ac_cv_header_netinet_in_h=yes
ac_cv_header_sched_h=yes
ac_cv_header_stdc=yes
ac_cv_header_stdint_h=yes
ac_cv_header_stdlib_h=yes
ac_cv_header_string_h=yes
ac_cv_header_strings_h=yes
ac_cv_header_sys_io_h=no
ac_cv_header_sys_ioctl_h=yes
ac_cv_header_sys_kd_h=yes
ac_cv_header_sys_mman_h=yes
ac_cv_header_sys_param_h=yes
ac_cv_header_sys_select_h=yes
ac_cv_header_sys_socket_h=yes
ac_cv_header_sys_stat_h=yes
ac_cv_header_sys_time_h=yes
ac_cv_header_sys_types_h=yes
ac_cv_header_sys_utsname_h=yes
ac_cv_header_sys_vt_h=yes
ac_cv_header_sys_wait_h=yes
ac_cv_header_termios_h=yes
ac_cv_header_time=yes
ac_cv_header_ucontext_h=yes
ac_cv_header_unistd_h=yes
ac_cv_host=armv7l-unknown-linux-gnueabihf
ac_cv_lib_asound_snd_pcm_open=yes
ac_cv_lib_expat_XML_ParserCreate=no
ac_cv_lib_m_cos=yes
ac_cv_lib_network_socket=no
ac_cv_lib_pthread_pthread_create=yes
ac_cv_lib_socket_socket=no
ac_cv_lib_z_adler32=yes
ac_cv_objext=o
ac_cv_path_EGREP='/usr/bin/grep -E'
ac_cv_path_GREP=/usr/bin/grep
ac_cv_path_ac_pt_PKG_CONFIG=/usr/bin/pkg-config
ac_cv_path_install='/usr/bin/install -c'
ac_cv_prog_CP=cp
ac_cv_prog_CPP='gcc -E'
ac_cv_prog_ECHO=echo
ac_cv_prog_GZIP=gzip
ac_cv_prog_MKDIR=mkdir
ac_cv_prog_RM=rm
ac_cv_prog_TAR=tar
ac_cv_prog_ZIP=zip
ac_cv_prog_ac_ct_AR=ar
ac_cv_prog_ac_ct_CC=gcc
ac_cv_prog_ac_ct_CXX=g++
ac_cv_prog_cc_c89=
ac_cv_prog_cc_g=yes
ac_cv_prog_cxx_g=yes
ac_cv_search_opendir='none required'
ac_cv_sizeof_char=1
ac_cv_sizeof_int=4
ac_cv_sizeof_long=4
ac_cv_sizeof_long_long=8
ac_cv_sizeof_short=2
ac_cv_sizeof_voidp=4
ac_cv_sys_file_offset_bits=64
ac_cv_sys_largefile_CC=no
ac_cv_sys_tiocgwinsz_in_sys_ioctl_h=yes
ac_cv_sys_tiocgwinsz_in_termios_h=no
ac_cv_type_size_t=yes
ac_cv_working_alloca_h=yes
pkg_cv_FREETYPE_CFLAGS='-I/usr/include/freetype2 -I/usr/include/libpng16'
pkg_cv_FREETYPE_LIBS=-lfreetype

## ----------------- ##
## Output variables. ##
## ----------------- ##

ALLOCA=''
AR='ar'
ASM=''
ASMFLAGS='-f elf'
CC='gcc'
CC_FOR_BUILD='gcc'
CFLAGS='-w -mcpu=arm1176jzf-s -mfloat-abi=hard -mfpu=vfp -mtune=arm1176jzf-s -O3'
CFLAGS_FOR_BUILD='-O0 -DUSE_COMPILER_GNUC -DUSE_OBJ_ELF -DUSE_OS_UNIX'
CONF_BUILD='linux'
CONF_CFLAGS_ARCH=' -DUSE_LSB'
CONF_CFLAGS_OPT='-w -mcpu=arm1176jzf-s -mfloat-abi=hard -mfpu=vfp -mtune=arm1176jzf-s -O3'
CONF_DEBUG='no'
CONF_DEBUGGER='no'
CONF_HOST='linux'
CONF_LDFLAGS='-lpthread -lwiringPi -lbcm_host -lvcos -lvchiq_arm -lvchostif'
CONF_LIBS=' -lm'
CONF_LIB_ALSA='yes'
CONF_LIB_DIRECT='yes'
CONF_LIB_EXPAT='no'
CONF_LIB_FB='yes'
CONF_LIB_FREETYPE='yes'
CONF_LIB_JEVENT='yes'
CONF_LIB_JRAW='yes'
CONF_LIB_KEVENT='yes'
CONF_LIB_KRAW='yes'
CONF_LIB_MCPN='no'
CONF_LIB_MEVENT='yes'
CONF_LIB_MRAW='yes'
CONF_LIB_MRAWINPUT='no'
CONF_LIB_NCURSES='no'
CONF_LIB_OSS='no'
CONF_LIB_PTHREAD='yes'
CONF_LIB_SDL='no'
CONF_LIB_SLANG='no'
CONF_LIB_SVGALIB='no'
CONF_LIB_SVGAWIN='no'
CONF_LIB_VC='yes'
CONF_LIB_ZLIB='yes'
CONF_PERF='no'
CONF_SYSTEM='unix'
CONF_TINY='no'
CP='cp'
CPP='gcc -E'
CPPFLAGS=''
CXX='g++'
CXXFLAGS='-g -O2'
CXX_FOR_BUILD='g++'
DEFS='-DHAVE_CONFIG_H'
ECHO='echo'
ECHO_C=''
ECHO_N='-n'
ECHO_T=''
EGREP='/usr/bin/grep -E'
EXE=''
EXEEXT=''
EXE_FOR_BUILD=''
FREETYPECFLAGS='-I/usr/include/freetype2 -I/usr/include/libpng16'
FREETYPELIBS='-lfreetype'
FREETYPE_CFLAGS='-I/usr/include/freetype2 -I/usr/include/libpng16'
FREETYPE_LIBS='-lfreetype'
GREP='/usr/bin/grep'
GZIP='gzip'
INSTALL_DATA='${INSTALL} -m 644'
INSTALL_PROGRAM='${INSTALL}'
INSTALL_SCRIPT='${INSTALL}'
LDFLAGS='-lpthread -lwiringPi -lbcm_host -lvcos -lvchiq_arm -lvchostif'
LIBOBJS=''
LIBS='-lasound '
LN_S='ln -s'
LTLIBOBJS=''
MKDIR='mkdir'
NCURSESCFLAGS=''
NCURSESLIBS=''
NCURSES_CFLAGS=''
NCURSES_LIBS=''
OBJEXT='o'
PACKAGE_BUGREPORT=''
PACKAGE_NAME='advancemame'
PACKAGE_STRING='advancemame 3.9-50-g384e646'
PACKAGE_TARNAME='advancemame'
PACKAGE_URL='http://www.advancemame.it'
PACKAGE_VERSION='3.9-50-g384e646'
PATH_SEPARATOR=':'
PKG_CONFIG='/usr/bin/pkg-config'
PKG_CONFIG_LIBDIR=''
PKG_CONFIG_PATH=''
RC=''
RM='rm'
SDLCFLAGS=''
SDLLIBS=''
SDL_CFLAGS=''
SDL_LIBS=''
SHELL='/bin/bash'
SLANGCFLAGS=''
SLANGLIBS=''
SLANG_CFLAGS=''
SLANG_LIBS=''
TAR='tar'
VCCFLAGS='-I/usr/include'
VCLIBS='-L/usr/lib -lbcm_host -lvcos -lvchiq_arm'
ZIP='zip'
ac_ct_AR='ar'
ac_ct_CC='gcc'
ac_ct_CXX='g++'
ac_ct_RC=''
bindir='${exec_prefix}/bin'
build='armv7l-unknown-linux-gnueabihf'
build_alias=''
build_cpu='armv7l'
build_os='linux-gnueabihf'
build_vendor='unknown'
datadir='${datarootdir}'
datarootdir='${prefix}/share'
docdir='${prefix}/doc'
dvidir='${docdir}'
exec_prefix='${prefix}'
host='armv7l-unknown-linux-gnueabihf'
host_alias=''
host_cpu='armv7l'
host_os='linux-gnueabihf'
host_vendor='unknown'
htmldir='${docdir}'
includedir='${prefix}/include'
infodir='${datarootdir}/info'
libdir='${exec_prefix}/lib'
libexecdir='${exec_prefix}/libexec'
localedir='${datarootdir}/locale'
localstatedir='${prefix}/var'
mandir='${prefix}/man'
oldincludedir='/usr/include'
pdfdir='${docdir}'
prefix='/home/pi/advmame'
program_transform_name='s,x,x,'
psdir='${docdir}'
sbindir='${exec_prefix}/sbin'
sharedstatedir='${prefix}/com'
sysconfdir='${prefix}/etc'
target_alias=''

## ----------- ##
## confdefs.h. ##
## ----------- ##

/* confdefs.h */
#define PACKAGE_NAME "advancemame"
#define PACKAGE_TARNAME "advancemame"
#define PACKAGE_VERSION "3.9-50-g384e646"
#define PACKAGE_STRING "advancemame 3.9-50-g384e646"
#define PACKAGE_BUGREPORT ""
#define PACKAGE_URL "http://www.advancemame.it"
#define STDC_HEADERS 1
#define HAVE_SYS_TYPES_H 1
#define HAVE_SYS_STAT_H 1
#define HAVE_STDLIB_H 1
#define HAVE_STRING_H 1
#define HAVE_MEMORY_H 1
#define HAVE_STRINGS_H 1
#define HAVE_INTTYPES_H 1
#define HAVE_STDINT_H 1
#define HAVE_UNISTD_H 1
#define SIZEOF_CHAR 1
#define SIZEOF_SHORT 2
#define SIZEOF_INT 4
#define SIZEOF_LONG 4
#define SIZEOF_LONG_LONG 8
#define SIZEOF_VOIDP 4
#define _FILE_OFFSET_BITS 64
#define STDC_HEADERS 1
#define HAVE_SYS_WAIT_H 1
#define HAVE_DIRENT_H 1
#define TIME_WITH_SYS_TIME 1
#define GWINSZ_IN_SYS_IOCTL 1
#define HAVE_UNISTD_H 1
#define HAVE_SCHED_H 1
#define HAVE_NETDB_H 1
#define HAVE_TERMIOS_H 1
#define HAVE_EXECINFO_H 1
#define HAVE_SYS_UTSNAME_H 1
#define HAVE_SYS_TYPES_H 1
#define HAVE_SYS_STAT_H 1
#define HAVE_SYS_SOCKET_H 1
#define HAVE_SYS_SELECT_H 1
#define HAVE_SYS_IOCTL_H 1
#define HAVE_SYS_TIME_H 1
#define HAVE_SYS_MMAN_H 1
#define HAVE_SYS_KD_H 1
#define HAVE_SYS_VT_H 1
#define HAVE_NETINET_IN_H 1
#define HAVE_UCONTEXT_H 1
#define restrict __restrict
#define HAVE_ALLOCA_H 1
#define HAVE_ALLOCA 1
#define HAVE_STDLIB_H 1
#define HAVE_UNISTD_H 1
#define HAVE_SYS_PARAM_H 1
#define HAVE_GETPAGESIZE 1
#define HAVE_MMAP 1
#define HAVE_SYS_SELECT_H 1
#define HAVE_SYS_SOCKET_H 1
#define SELECT_TYPE_ARG1 int
#define SELECT_TYPE_ARG234 (fd_set *)
#define SELECT_TYPE_ARG5 (struct timeval *)
#define HAVE_VPRINTF 1
#define HAVE_STRCASECMP 1
#define HAVE_STRERROR 1
#define HAVE_UTIMES 1
#define HAVE_UNAME 1
#define HAVE_SYSCONF 1
#define HAVE_BACKTRACE 1
#define HAVE_BACKTRACE_SYMBOLS 1
#define HAVE_FLOCKFILE 1
#define HAVE_FUNLOCKFILE 1
#define HAVE_FREAD_UNLOCKED 1
#define HAVE_FWRITE_UNLOCKED 1
#define HAVE_FGETC_UNLOCKED 1
#define HAVE_FEOF_UNLOCKED 1
#define HAVE_FSEEKO 1
#define HAVE_FTELLO 1
#define HAVE_FSYNC 1
#define HAVE_RENAMEAT 1
#define HAVE_OPENAT 1
#define HAVE_FDOPEN 1
#define HAVE_MPROTECT 1
#define HAVE_SCHED_GETSCHEDULER 1
#define HAVE_SCHED_SETSCHEDULER 1
#define HAVE_SCHED_GET_PRIORITY_MAX 1
#define HAVE_SCHED_YIELD 1
#define HAVE_LIBASOUND 1

configure: exit 0
